2025-10-13 12:38:35,788 [INFO] MainUpdater:2872 - connection check result : 10
2025-10-13 12:38:35,808 [INFO] MainUpdater:2872 - connection check result : 10
2025-10-13 12:38:36,025 [INFO] MicroXplorer:468 - Change Database Path : 
2025-10-13 12:38:36,026 [INFO] MicroXplorer:498 - Change Database Version : DB.6.0.150
2025-10-13 12:38:36,136 [ERROR] ProjectManagerView:395 - 
java.lang.NullPointerException: Cannot invoke "javax.swing.JTextField.getText()" because the return value of "java.util.List.get(int)" is null
	at com.st.microxplorer.plugins.projectmanager.gui.ProjectChoiceTab$9.caretUpdate(ProjectChoiceTab.java:2706) ~[filemanager.jar:?]
	at javax.swing.text.JTextComponent.fireCaretUpdate(JTextComponent.java:408) ~[?:?]
	at javax.swing.text.JTextComponent$MutableCaretEvent.fire(JTextComponent.java:4484) ~[?:?]
	at javax.swing.text.JTextComponent$MutableCaretEvent.stateChanged(JTextComponent.java:4506) ~[?:?]
	at javax.swing.text.DefaultCaret.fireStateChanged(DefaultCaret.java:857) ~[?:?]
	at javax.swing.text.DefaultCaret.changeCaretPosition(DefaultCaret.java:1343) ~[?:?]
	at javax.swing.text.DefaultCaret.handleSetDot(DefaultCaret.java:1242) ~[?:?]
	at javax.swing.text.DefaultCaret.setDot(DefaultCaret.java:1223) ~[?:?]
	at javax.swing.text.DefaultCaret$Handler.insertUpdate(DefaultCaret.java:1819) ~[?:?]
	at javax.swing.text.AbstractDocument.fireInsertUpdate(AbstractDocument.java:227) ~[?:?]
	at javax.swing.text.AbstractDocument.handleInsertString(AbstractDocument.java:781) ~[?:?]
	at javax.swing.text.AbstractDocument.insertString(AbstractDocument.java:740) ~[?:?]
	at javax.swing.text.PlainDocument.insertString(PlainDocument.java:131) ~[?:?]
	at javax.swing.text.AbstractDocument.replace(AbstractDocument.java:699) ~[?:?]
	at javax.swing.text.JTextComponent.setText(JTextComponent.java:1725) ~[?:?]
	at com.st.microxplorer.plugins.projectmanager.gui.ProjectChoiceTab.createHeapStackFields(ProjectChoiceTab.java:993) ~[filemanager.jar:?]
	at com.st.microxplorer.plugins.projectmanager.gui.ProjectChoiceTab.buildLinkSettingsPanel(ProjectChoiceTab.java:3813) ~[filemanager.jar:?]
	at com.st.microxplorer.plugins.projectmanager.gui.ProjectChoiceTab.defineWindowsFields(ProjectChoiceTab.java:1987) ~[filemanager.jar:?]
	at com.st.microxplorer.plugins.projectmanager.gui.ProjectChoiceTab.updateSettings(ProjectChoiceTab.java:558) ~[filemanager.jar:?]
	at com.st.microxplorer.plugins.projectmanager.gui.ProjectSettingsPanel.UpdateDialog(ProjectSettingsPanel.java:247) ~[filemanager.jar:?]
	at com.st.microxplorer.plugins.projectmanager.ProjectManagerView.propertyChange(ProjectManagerView.java:392) ~[filemanager.jar:?]
	at java.beans.PropertyChangeSupport.fire(PropertyChangeSupport.java:343) ~[?:?]
	at java.beans.PropertyChangeSupport.firePropertyChange(PropertyChangeSupport.java:335) ~[?:?]
	at java.beans.PropertyChangeSupport.firePropertyChange(PropertyChangeSupport.java:268) ~[?:?]
	at com.st.microxplorer.util.MXPropertyChangeSupport.firePropertyChange(MXPropertyChangeSupport.java:54) ~[STM32CubeMX.jar:?]
	at com.st.microxplorer.mxsystem.MxSystem.closeConfig(MxSystem.java:899) ~[STM32CubeMX.jar:?]
	at com.st.microxplorer.maingui.MainPanel.closeConfig(MainPanel.java:792) ~[STM32CubeMX.jar:?]
	at com.st.microxplorer.plugins.filemanager.engine.OpenFileManager.loadConfigurationFile(OpenFileManager.java:288) ~[filemanager.jar:?]
	at com.st.microxplorer.plugins.filemanager.engine.MainFileManager.userLoadConfig(MainFileManager.java:364) ~[filemanager.jar:?]
	at com.st.microxplorer.plugins.filemanager.engine.MainFileManager.userLoadConfig(MainFileManager.java:342) ~[filemanager.jar:?]
	at com.st.microxplorer.plugins.filemanager.FileManagerView.getSpecificTask(FileManagerView.java:264) ~[filemanager.jar:?]
	at com.st.stm32cube.common.mx.editor.CubeMxEditor.getMxTabbedPaneInstance(CubeMxEditor.java:1198) ~[com.st.stm32cube.common.mx_6.15.0.202507011659/:?]
	at com.st.stm32cube.common.mx.editor.CubeMxEditor$12$1.createSwingComponent(CubeMxEditor.java:1068) ~[com.st.stm32cube.common.mx_6.15.0.202507011659/:?]
	at com.st.stm32cube.common.mx.oss.core.awtswtbridge.EmbeddedSwingComposite.doComponentCreation(EmbeddedSwingComposite.java:492) ~[com.st.stm32cube.common.mx.oss_6.15.0.202507011659/:?]
	at com.st.stm32cube.common.mx.oss.core.awtswtbridge.EmbeddedSwingComposite$4.run(EmbeddedSwingComposite.java:291) ~[com.st.stm32cube.common.mx.oss_6.15.0.202507011659/:?]
	at com.st.stm32cube.common.mx.oss.core.awtswtbridge.AwtEnvironment$2.run(AwtEnvironment.java:166) ~[com.st.stm32cube.common.mx.oss_6.15.0.202507011659/:?]
	at java.awt.event.InvocationEvent.dispatch(InvocationEvent.java:318) ~[?:?]
	at java.awt.EventQueue.dispatchEventImpl(EventQueue.java:773) ~[?:?]
	at java.awt.EventQueue$4.run(EventQueue.java:720) ~[?:?]
	at java.awt.EventQueue$4.run(EventQueue.java:714) ~[?:?]
	at java.security.AccessController.doPrivileged(AccessController.java:400) ~[?:?]
	at java.security.ProtectionDomain$JavaSecurityAccessImpl.doIntersectionPrivilege(ProtectionDomain.java:87) ~[?:?]
	at java.awt.EventQueue.dispatchEvent(EventQueue.java:742) ~[?:?]
	at java.awt.EventDispatchThread.pumpOneEventForFilters(EventDispatchThread.java:203) ~[?:?]
	at java.awt.EventDispatchThread.pumpEventsForFilter(EventDispatchThread.java:124) ~[?:?]
	at java.awt.EventDispatchThread.pumpEventsForHierarchy(EventDispatchThread.java:113) ~[?:?]
	at java.awt.EventDispatchThread.pumpEvents(EventDispatchThread.java:109) ~[?:?]
	at java.awt.EventDispatchThread.pumpEvents(EventDispatchThread.java:101) ~[?:?]
	at java.awt.EventDispatchThread.run(EventDispatchThread.java:90) ~[?:?]
2025-10-13 12:38:36,142 [WARN] ThirdParty:871 - waiting for thirdparty lock release [close project]
2025-10-13 12:38:36,142 [INFO] ThirdParty:873 - entering critical section [close project]
2025-10-13 12:38:36,143 [INFO] ThirdParty:883 - exiting critical section [close project]
2025-10-13 12:38:36,150 [INFO] PinOutPanel:1589 - setPackage(No Configuration,No Configuration)
2025-10-13 12:38:36,180 [WARN] IpParametersView:155 - Warning: This peripheral hasn't parameters
2025-10-13 12:38:36,196 [WARN] MainPanel:289 - <html><b><center>Warning: This peripheral has no parameters to be configured<br></b></html>
2025-10-13 12:38:36,206 [INFO] UtilMem:75 - Begin LoadConfig() Used Memory: 482715072 Bytes (1073741824)
2025-10-13 12:38:36,209 [INFO] MicroXplorer:468 - Change Database Path : 
2025-10-13 12:38:36,209 [INFO] MicroXplorer:498 - Change Database Version : DB.6.0.150
2025-10-13 12:38:36,209 [INFO] OpenFileManager:355 - Change cursor
2025-10-13 12:38:36,278 [INFO] RulesReader:64 - Compatibility file has been processed (317 Rules)
2025-10-13 12:38:36,302 [INFO] Mcu:2029 - Initializing MCU STM32F446R(C-E)Tx STM32F446RETx STM32F446RET6
2025-10-13 12:38:38,650 [INFO] Context:786 - Trying to add GPIOservice into a context  which must be forbidden
2025-10-13 12:38:39,172 [INFO] ImportTextPane:234 - (OptionalMessage_ERROR) Pin16 (VP_RIF_VS_RIF1) cannot be retrieved for this MCU
2025-10-13 12:38:39,282 [INFO] RtosManager:558 - Registered RTOS mode: class=CMSIS, group=RTOS, mode=CMSIS_V1, owner=FREERTOS
2025-10-13 12:38:39,282 [INFO] RtosManager:558 - Registered RTOS mode: class=CMSIS, group=RTOS2, mode=CMSIS_V2, owner=FREERTOS
2025-10-13 12:38:39,282 [INFO] RtosManager:558 - Registered RTOS mode: class=RTOS, group=Core, mode=CMSIS_V1, owner=FREERTOS
2025-10-13 12:38:39,282 [INFO] RtosManager:558 - Registered RTOS mode: class=RTOS, group=Core, mode=CMSIS_V2, owner=FREERTOS
2025-10-13 12:38:39,282 [WARN] ModelIntegratedComponent:184 - Missing modes for component STMicroelectronics:FreeRTOS:0.0.1:STMicroelectronics:RTOS:FreeRTOS:Core:::10.2.0:
2025-10-13 12:38:39,298 [WARN] ModelIntegratedComponent:63 - No mode defined for component null
2025-10-13 12:38:39,298 [WARN] ModelIntegratedComponent:63 - No mode defined for component null
2025-10-13 12:38:39,298 [WARN] ModelIntegratedComponent:63 - No mode defined for component null
2025-10-13 12:38:39,298 [WARN] ModelIntegratedComponent:63 - No mode defined for component null
2025-10-13 12:38:39,298 [WARN] ModelIntegratedComponent:63 - No mode defined for component null
2025-10-13 12:38:39,298 [WARN] ModelIntegratedComponent:63 - No mode defined for component null
2025-10-13 12:38:39,298 [WARN] ModelIntegratedComponent:63 - No mode defined for component null
2025-10-13 12:38:39,298 [WARN] ModelIntegratedComponent:63 - No mode defined for component null
2025-10-13 12:38:39,298 [WARN] ModelIntegratedComponent:63 - No mode defined for component null
2025-10-13 12:38:39,298 [WARN] ModelIntegratedComponent:63 - No mode defined for component null
2025-10-13 12:38:39,298 [WARN] ModelIntegratedComponent:63 - No mode defined for component null
2025-10-13 12:38:39,298 [WARN] ModelIntegratedComponent:63 - No mode defined for component null
2025-10-13 12:38:39,298 [WARN] ModelIntegratedComponent:63 - No mode defined for component null
2025-10-13 12:38:39,298 [WARN] ModelIntegratedComponent:63 - No mode defined for component null
2025-10-13 12:38:39,298 [WARN] ModelIntegratedComponent:63 - No mode defined for component null
2025-10-13 12:38:39,298 [WARN] ModelIntegratedComponent:63 - No mode defined for component null
2025-10-13 12:38:39,298 [WARN] ModelIntegratedComponent:63 - No mode defined for component null
2025-10-13 12:38:39,298 [WARN] ModelIntegratedComponent:63 - No mode defined for component null
2025-10-13 12:38:39,298 [WARN] ModelIntegratedComponent:63 - No mode defined for component null
2025-10-13 12:38:39,298 [WARN] ModelIntegratedComponent:63 - No mode defined for component null
2025-10-13 12:38:39,298 [WARN] ModelIntegratedComponent:63 - No mode defined for component null
2025-10-13 12:38:39,298 [WARN] ModelIntegratedComponent:63 - No mode defined for component null
2025-10-13 12:38:39,298 [WARN] ModelIntegratedComponent:63 - No mode defined for component null
2025-10-13 12:38:39,298 [WARN] ModelIntegratedComponent:63 - No mode defined for component null
2025-10-13 12:38:39,298 [WARN] ModelIntegratedComponent:63 - No mode defined for component null
2025-10-13 12:38:39,298 [WARN] ModelIntegratedComponent:63 - No mode defined for component null
2025-10-13 12:38:39,298 [WARN] ModelIntegratedComponent:63 - No mode defined for component null
2025-10-13 12:38:39,298 [WARN] ModelIntegratedComponent:63 - No mode defined for component null
2025-10-13 12:38:39,298 [WARN] ModelIntegratedComponent:63 - No mode defined for component null
2025-10-13 12:38:39,298 [WARN] ModelIntegratedComponent:63 - No mode defined for component null
2025-10-13 12:38:39,298 [WARN] ModelIntegratedComponent:63 - No mode defined for component null
2025-10-13 12:38:39,298 [WARN] ModelIntegratedComponent:63 - No mode defined for component null
2025-10-13 12:38:39,298 [WARN] ModelIntegratedComponent:63 - No mode defined for component null
2025-10-13 12:38:39,298 [WARN] ModelIntegratedComponent:63 - No mode defined for component null
2025-10-13 12:38:39,298 [WARN] ModelIntegratedComponent:63 - No mode defined for component null
2025-10-13 12:38:39,298 [WARN] ModelPack:524 - Component already loaded: STMicroelectronics:HAL Drivers:0.0.0:STMicroelectronics:Device:STMicro_Driver:XSPI:HAL::0.0.1:HAL_XSPI
2025-10-13 12:38:39,531 [INFO] ThirdPartyModel:298 - Start build external matchings
2025-10-13 12:38:40,098 [INFO] ThirdPartyModel:316 - End build external matchings
2025-10-13 12:38:40,120 [INFO] ImportTextPane:234 - (OptionalMessage_ERROR) IP (RCC) : Invalid parameter (48MHZClocksFreq_Value)
2025-10-13 12:38:40,121 [INFO] ImportTextPane:234 - (OptionalMessage_ERROR) IP (RCC) : Invalid parameter (EthernetFreq_Value)
2025-10-13 12:38:40,123 [INFO] ImportTextPane:234 - (OptionalMessage_ERROR) IP (RCC) : Parameter (FLatency) has Id (AdvancedSettings) currently not set
2025-10-13 12:38:40,123 [INFO] ImportTextPane:234 - (OptionalMessage_ERROR) IP (RCC) : Invalid parameter (FamilyName)
2025-10-13 12:38:40,124 [INFO] ImportTextPane:234 - (OptionalMessage_ERROR) IP (RCC) : Invalid parameter (I2SClocksFreq_Value)
2025-10-13 12:38:40,124 [INFO] ImportTextPane:234 - (OptionalMessage_ERROR) IP (RCC) : Parameter (MCO2PinFreq_Value) has invalid value (180000000)
2025-10-13 12:38:40,125 [INFO] ImportTextPane:234 - (OptionalMessage_ERROR) IP (RCC) : Parameter (SDIOFreq_Value) has invalid value (180000000)
2025-10-13 12:38:40,125 [INFO] ImportTextPane:234 - (OptionalMessage_ERROR) IP (RCC) : Parameter (USBFreq_Value) has invalid value (180000000)
2025-10-13 12:38:40,126 [INFO] ImportTextPane:234 - (OptionalMessage_ERROR) IP (RCC) : Invalid parameter (VCOInputMFreq_Value)
2025-10-13 12:38:40,126 [INFO] ImportTextPane:234 - (OptionalMessage_ERROR) IP (RCC) : Invalid parameter (VcooutputI2S)
2025-10-13 12:38:40,468 [INFO] UtilMem:75 - End LoadConfig() Used Memory: 485526856 Bytes (1073741824)
2025-10-13 12:38:40,527 [WARN] ThirdParty:833 - waiting for thirdparty lock release [change project]
2025-10-13 12:38:40,529 [INFO] ThirdParty:835 - entering critical section [change project]
2025-10-13 12:38:40,529 [INFO] ThirdParty:1030 - CMSIS Pack Vendor :STMicroelectronics X-CUBE-PM33A1 1.0.0
2025-10-13 12:38:40,529 [INFO] ThirdParty:1030 - CMSIS Pack Vendor :STMicroelectronics USBPD 4.1
2025-10-13 12:38:40,530 [INFO] ThirdParty:1030 - CMSIS Pack Vendor :STMicroelectronics X-CUBE-NFC9 1.0.0
2025-10-13 12:38:40,530 [INFO] ThirdParty:1030 - CMSIS Pack Vendor :STMicroelectronics USB_HOST 2.0.0
2025-10-13 12:38:40,530 [INFO] ThirdParty:1030 - CMSIS Pack Vendor :STMicroelectronics FP-SNS-MOTENVWB1 1.4.0
2025-10-13 12:38:40,530 [INFO] ThirdParty:1030 - CMSIS Pack Vendor :STMicroelectronics X-CUBE-AZRTOS-F4 1.1.0
2025-10-13 12:38:40,530 [INFO] ThirdParty:1030 - CMSIS Pack Vendor :STMicroelectronics LIBJPEG 8.0.0
2025-10-13 12:38:40,530 [INFO] ThirdParty:1030 - CMSIS Pack Vendor :STMicroelectronics FP-ATR-ASTRA1 2.0.2
2025-10-13 12:38:40,530 [INFO] ThirdParty:1030 - CMSIS Pack Vendor :wolfSSL I-CUBE-wolfSSL 5.8.2
2025-10-13 12:38:40,530 [INFO] ThirdParty:1030 - CMSIS Pack Vendor :STMicroelectronics X-CUBE-BLE1 7.1.0
2025-10-13 12:38:40,530 [INFO] ThirdParty:1030 - CMSIS Pack Vendor :Avnet-IotConnect X-CUBE-IoTC-DA16k-PMOD 1.0.0
2025-10-13 12:38:40,531 [INFO] ThirdParty:1030 - CMSIS Pack Vendor :STMicroelectronics X-CUBE-SMBUS 2.1.0
2025-10-13 12:38:40,531 [INFO] ThirdParty:1030 - CMSIS Pack Vendor :wolfSSL I-CUBE-wolfMQTT 1.19.2
2025-10-13 12:38:40,531 [INFO] ThirdParty:1030 - CMSIS Pack Vendor :STMicroelectronics USB_DEVICE 3.0.0
2025-10-13 12:38:40,531 [INFO] ThirdParty:1030 - CMSIS Pack Vendor :STMicroelectronics X-CUBE-ISPU 2.1.0
2025-10-13 12:38:40,531 [INFO] ThirdParty:1030 - CMSIS Pack Vendor :STMicroelectronics X-CUBE-EEPRMA1 5.2.0
2025-10-13 12:38:40,532 [INFO] ThirdParty:1030 - CMSIS Pack Vendor :STMicroelectronics X-CUBE-BLEMGR 4.1.0
2025-10-13 12:38:40,533 [INFO] ThirdParty:1030 - CMSIS Pack Vendor :STMicroelectronics X-CUBE-AZRTOS-WB 2.0.0
2025-10-13 12:38:40,533 [INFO] ThirdParty:1030 - CMSIS Pack Vendor :STMicroelectronics X-CUBE-ST60 1.0.0
2025-10-13 12:38:40,533 [INFO] ThirdParty:1030 - CMSIS Pack Vendor :STMicroelectronics X-CUBE-GNSS1 7.0.1
2025-10-13 12:38:40,533 [INFO] ThirdParty:1030 - CMSIS Pack Vendor :STMicroelectronics X-CUBE-NFC12 1.0.0
2025-10-13 12:38:40,534 [INFO] ThirdParty:1030 - CMSIS Pack Vendor :STMicroelectronics X-CUBE-AZRTOS-F7 1.1.0
2025-10-13 12:38:40,534 [INFO] ThirdParty:1030 - CMSIS Pack Vendor :STMicroelectronics X-CUBE-AZRTOS-L5 2.0.0
2025-10-13 12:38:40,534 [INFO] ThirdParty:1030 - CMSIS Pack Vendor :STMicroelectronics X-CUBE-TOUCHGFX 4.25.0
2025-10-13 12:38:40,534 [INFO] ThirdParty:1030 - CMSIS Pack Vendor :STMicroelectronics USB_DEVICE 2.0.0
2025-10-13 12:38:40,534 [INFO] ThirdParty:1030 - CMSIS Pack Vendor :STMicroelectronics X-CUBE-NFC6 3.1.0
2025-10-13 12:38:40,534 [INFO] ThirdParty:1030 - CMSIS Pack Vendor :quantropi X-CUBE-qispace-sdk-base 2.1.0
2025-10-13 12:38:40,534 [INFO] ThirdParty:1030 - CMSIS Pack Vendor :STMicroelectronics FreeRTOS 0.0.1
2025-10-13 12:38:40,534 [INFO] ThirdParty:1030 - CMSIS Pack Vendor :STMicroelectronics X-CUBE-AZRTOS-G0 1.1.0
2025-10-13 12:38:40,534 [INFO] ThirdParty:1030 - CMSIS Pack Vendor :STMicroelectronics X-CUBE-SAFEA1 1.2.2
2025-10-13 12:38:40,534 [INFO] ThirdParty:1030 - CMSIS Pack Vendor :STMicroelectronics X-CUBE-NFC4 3.0.0
2025-10-13 12:38:40,534 [INFO] ThirdParty:1030 - CMSIS Pack Vendor :STMicroelectronics X-CUBE-SUBG2 5.0.0
2025-10-13 12:38:40,534 [INFO] ThirdParty:1030 - CMSIS Pack Vendor :STMicroelectronics X-CUBE-AZRTOS-H7RS 1.1.0
2025-10-13 12:38:40,534 [INFO] ThirdParty:1030 - CMSIS Pack Vendor :STMicroelectronics STM32_WPAN 1.0.0
2025-10-13 12:38:40,534 [INFO] ThirdParty:1030 - CMSIS Pack Vendor :EmbeddedOffice I-CUBE-FS-RTOS 1.0.1
2025-10-13 12:38:40,534 [INFO] ThirdParty:1030 - CMSIS Pack Vendor :STMicroelectronics lwIP 2.0.3
2025-10-13 12:38:40,534 [INFO] ThirdParty:1030 - CMSIS Pack Vendor :WES I-CUBE-Cesium 1.4.0
2025-10-13 12:38:40,534 [INFO] ThirdParty:1030 - CMSIS Pack Vendor :Cesanta I-CUBE-Mongoose 7.13.0
2025-10-13 12:38:40,534 [INFO] ThirdParty:1030 - CMSIS Pack Vendor :STMicroelectronics USB_HOST 1.0.0
2025-10-13 12:38:40,534 [INFO] ThirdParty:1030 - CMSIS Pack Vendor :Infineon AIROC-Wi-Fi-Bluetooth-STM32 1.7.1
2025-10-13 12:38:40,534 [INFO] ThirdParty:1030 - CMSIS Pack Vendor :STMicroelectronics X-CUBE-AZRTOS-G4 2.0.0
2025-10-13 12:38:40,534 [INFO] ThirdParty:1030 - CMSIS Pack Vendor :STMicroelectronics X-CUBE-WB05N 2.0.0
2025-10-13 12:38:40,534 [INFO] ThirdParty:1030 - CMSIS Pack Vendor :STMicroelectronics PDM2PCM 3.1.0
2025-10-13 12:38:40,534 [INFO] ThirdParty:1030 - CMSIS Pack Vendor :STMicroelectronics PDM2PCM 3.3.0
2025-10-13 12:38:40,534 [INFO] ThirdParty:1030 - CMSIS Pack Vendor :wolfSSL I-CUBE-wolfTPM 3.8.0
2025-10-13 12:38:40,534 [INFO] ThirdParty:1030 - CMSIS Pack Vendor :STMicroelectronics X-CUBE-AZRTOS-H7 3.4.0
2025-10-13 12:38:40,534 [INFO] ThirdParty:1030 - CMSIS Pack Vendor :STMicroelectronics X-CUBE-DISPLAY 3.0.0
2025-10-13 12:38:40,535 [INFO] ThirdParty:1030 - CMSIS Pack Vendor :wolfSSL I-CUBE-wolfSSH 1.4.20
2025-10-13 12:38:40,535 [INFO] ThirdParty:1030 - CMSIS Pack Vendor :STMicroelectronics X-CUBE-NFC7 2.0.0
2025-10-13 12:38:40,535 [INFO] ThirdParty:1030 - CMSIS Pack Vendor :STMicroelectronics X-CUBE-TCPP 4.2.0
2025-10-13 12:38:40,535 [INFO] ThirdParty:1030 - CMSIS Pack Vendor :RealThread X-CUBE-RT-Thread_Nano 4.1.1
2025-10-13 12:38:40,535 [INFO] ThirdParty:1030 - CMSIS Pack Vendor :STMicroelectronics FP-ATR-SIGFOX1 3.2.0
2025-10-13 12:38:40,535 [INFO] ThirdParty:1030 - CMSIS Pack Vendor :STMicroelectronics X-CUBE-NFC10 1.0.0
2025-10-13 12:38:40,535 [INFO] ThirdParty:1030 - CMSIS Pack Vendor :STMicroelectronics X-CUBE-FREERTOS 1.3.1
2025-10-13 12:38:40,535 [INFO] ThirdParty:1030 - CMSIS Pack Vendor :STMicroelectronics HAL Drivers 0.0.0
2025-10-13 12:38:40,535 [INFO] ThirdParty:1030 - CMSIS Pack Vendor :STMicroelectronics MBEDTLS 2.16.2
2025-10-13 12:38:40,536 [INFO] ThirdParty:1030 - CMSIS Pack Vendor :STMicroelectronics X-CUBE-IPS 3.1.0
2025-10-13 12:38:40,536 [INFO] ThirdParty:1030 - CMSIS Pack Vendor :STMicroelectronics X-CUBE-ALS 1.0.2
2025-10-13 12:38:40,536 [INFO] ThirdParty:1030 - CMSIS Pack Vendor :emotas I-CUBE-CANOPEN 1.3.0
2025-10-13 12:38:40,536 [INFO] ThirdParty:1030 - CMSIS Pack Vendor :STMicroelectronics MBEDTLS 2.14.1
2025-10-13 12:38:40,536 [INFO] ThirdParty:1030 - CMSIS Pack Vendor :ITTIA_DB I-CUBE-ITTIADB 8.9.0
2025-10-13 12:38:40,536 [INFO] ThirdParty:1030 - CMSIS Pack Vendor :STMicroelectronics X-CUBE-TOUCHGFX 4.26.0
2025-10-13 12:38:40,536 [INFO] ThirdParty:1030 - CMSIS Pack Vendor :STMicroelectronics X-CUBE-STSE01 1.0.0
2025-10-13 12:38:40,536 [INFO] ThirdParty:1030 - CMSIS Pack Vendor :STMicroelectronics X-CUBE-ST67W61 1.0.0
2025-10-13 12:38:40,536 [INFO] ThirdParty:1030 - CMSIS Pack Vendor :STMicroelectronics FP-SNS-STBOX1 2.1.0
2025-10-13 12:38:40,536 [INFO] ThirdParty:1030 - CMSIS Pack Vendor :STMicroelectronics X-CUBE-AI 10.2.0
2025-10-13 12:38:40,536 [INFO] ThirdParty:1030 - CMSIS Pack Vendor :STMicroelectronics FP-SNS-STAIOTCFT 1.0.0
2025-10-13 12:38:40,537 [INFO] ThirdParty:1030 - CMSIS Pack Vendor :STMicroelectronics ThreadX 1.0.0
2025-10-13 12:38:40,537 [INFO] ThirdParty:1030 - CMSIS Pack Vendor :STMicroelectronics FP-SNS-SMARTAG2 1.2.0
2025-10-13 12:38:40,537 [INFO] ThirdParty:1030 - CMSIS Pack Vendor :STMicroelectronics FP-SNS-FLIGHT1 5.1.0
2025-10-13 12:38:40,537 [INFO] ThirdParty:1030 - CMSIS Pack Vendor :STMicroelectronics X-CUBE-AZRTOS-WL 2.0.0
2025-10-13 12:38:40,537 [INFO] ThirdParty:1030 - CMSIS Pack Vendor :SEGGER I-CUBE-embOS 1.3.1
2025-10-13 12:38:40,537 [INFO] ThirdParty:1030 - CMSIS Pack Vendor :STMicroelectronics X-CUBE-ALGOBUILD 1.4.0
2025-10-13 12:38:40,537 [INFO] ThirdParty:1030 - CMSIS Pack Vendor :STMicroelectronics X-CUBE-DPower 1.3.0
2025-10-13 12:38:40,537 [INFO] ThirdParty:1030 - CMSIS Pack Vendor :STMicroelectronics X-CUBE-MEMS1 11.3.0
2025-10-13 12:38:40,537 [INFO] ThirdParty:1030 - CMSIS Pack Vendor :STMicroelectronics FP-SNS-MOTENV1 5.0.0
2025-10-13 12:38:40,537 [INFO] ThirdParty:1030 - CMSIS Pack Vendor :STMicroelectronics USB_DEVICE 1.0.0
2025-10-13 12:38:40,537 [INFO] ThirdParty:1030 - CMSIS Pack Vendor :STMicroelectronics X-CUBE-AZRTOS-L4 2.0.0
2025-10-13 12:38:40,537 [INFO] ThirdParty:1030 - CMSIS Pack Vendor :STMicroelectronics ThreadX 0.0.2
2025-10-13 12:38:40,537 [INFO] ThirdParty:1030 - CMSIS Pack Vendor :STMicroelectronics lwIP 2.1.2
2025-10-13 12:38:40,537 [INFO] ThirdParty:1030 - CMSIS Pack Vendor :STMicroelectronics X-CUBE-SFXS2LP1 4.0.0
2025-10-13 12:38:40,537 [INFO] ThirdParty:1030 - CMSIS Pack Vendor :STMicroelectronics X-CUBE-BLE2 3.3.0
2025-10-13 12:38:40,537 [INFO] ThirdParty:1030 - CMSIS Pack Vendor :STMicroelectronics X-CUBE-TOF1 3.4.3
2025-10-13 12:38:40,537 [INFO] ThirdParty:1030 - CMSIS Pack Vendor :STMicroelectronics PDM2PCM 3.2.0
2025-10-13 12:38:40,537 [INFO] ThirdParty:841 - exiting critical section [change project]
2025-10-13 12:38:40,797 [INFO] PinOutPanel:1589 - setPackage(No Configuration,No Configuration)
2025-10-13 12:38:40,800 [INFO] PinOutPanel:1589 - setPackage(STM32F446RETx,LQFP64)
2025-10-13 12:38:41,186 [INFO] UtilMem:75 - Before build in PCC Used Memory: 695346880 Bytes (1073741824)
2025-10-13 12:38:41,553 [INFO] UtilMem:75 - After build in PCC Used Memory: 748302016 Bytes (1073741824)
2025-10-13 12:38:41,579 [INFO] IPUIPlugin:80 - create IPUIPlugin
2025-10-13 12:38:41,579 [INFO] IPUIPlugin:80 - create IPUIPlugin
2025-10-13 12:38:41,579 [INFO] IPUIPlugin:80 - create IPUIPlugin
2025-10-13 12:38:41,579 [INFO] IPUIPlugin:80 - create IPUIPlugin
2025-10-13 12:38:41,580 [INFO] IPUIPlugin:80 - create IPUIPlugin
2025-10-13 12:38:41,580 [INFO] IPUIPlugin:80 - create IPUIPlugin
2025-10-13 12:38:41,581 [INFO] IPUIPlugin:80 - create IPUIPlugin
2025-10-13 12:38:41,581 [INFO] IPUIPlugin:80 - create IPUIPlugin
2025-10-13 12:38:41,581 [INFO] IPUIPlugin:80 - create IPUIPlugin
2025-10-13 12:38:41,581 [INFO] IPUIPlugin:80 - create IPUIPlugin
2025-10-13 12:38:41,582 [INFO] IPUIPlugin:80 - create IPUIPlugin
2025-10-13 12:38:41,582 [INFO] IPUIPlugin:80 - create IPUIPlugin
2025-10-13 12:38:41,583 [INFO] IPUIPlugin:80 - create IPUIPlugin
2025-10-13 12:38:41,583 [INFO] IPUIPlugin:80 - create IPUIPlugin
2025-10-13 12:38:41,583 [INFO] IPUIPlugin:80 - create IPUIPlugin
2025-10-13 12:38:41,583 [INFO] IPUIPlugin:80 - create IPUIPlugin
2025-10-13 12:38:41,583 [INFO] IPUIPlugin:80 - create IPUIPlugin
2025-10-13 12:38:41,583 [INFO] IPUIPlugin:80 - create IPUIPlugin
2025-10-13 12:38:41,583 [INFO] IPUIPlugin:80 - create IPUIPlugin
2025-10-13 12:38:41,583 [INFO] IPUIPlugin:80 - create IPUIPlugin
2025-10-13 12:38:41,583 [INFO] IPUIPlugin:80 - create IPUIPlugin
2025-10-13 12:38:41,583 [INFO] IPUIPlugin:80 - create IPUIPlugin
2025-10-13 12:38:41,583 [INFO] IPUIPlugin:80 - create IPUIPlugin
2025-10-13 12:38:41,584 [INFO] IPUIPlugin:80 - create IPUIPlugin
2025-10-13 12:38:41,584 [INFO] IPUIPlugin:80 - create IPUIPlugin
2025-10-13 12:38:41,584 [INFO] IPUIPlugin:80 - create IPUIPlugin
2025-10-13 12:38:41,584 [INFO] IPUIPlugin:80 - create IPUIPlugin
2025-10-13 12:38:41,585 [INFO] IPUIPlugin:80 - create IPUIPlugin
2025-10-13 12:38:41,585 [INFO] IPUIPlugin:80 - create IPUIPlugin
2025-10-13 12:38:41,585 [INFO] IPUIPlugin:80 - create IPUIPlugin
2025-10-13 12:38:41,585 [INFO] IPUIPlugin:80 - create IPUIPlugin
2025-10-13 12:38:41,585 [INFO] IPUIPlugin:80 - create IPUIPlugin
2025-10-13 12:38:41,585 [INFO] IPUIPlugin:80 - create IPUIPlugin
2025-10-13 12:38:41,585 [INFO] IPUIPlugin:80 - create IPUIPlugin
2025-10-13 12:38:41,586 [INFO] IPUIPlugin:80 - create IPUIPlugin
2025-10-13 12:38:41,586 [INFO] IPUIPlugin:80 - create IPUIPlugin
2025-10-13 12:38:41,586 [INFO] IPUIPlugin:80 - create IPUIPlugin
2025-10-13 12:38:41,587 [INFO] IPUIPlugin:80 - create IPUIPlugin
2025-10-13 12:38:41,587 [INFO] IPUIPlugin:80 - create IPUIPlugin
2025-10-13 12:38:41,587 [INFO] IPUIPlugin:80 - create IPUIPlugin
2025-10-13 12:38:41,588 [INFO] IPUIPlugin:80 - create IPUIPlugin
2025-10-13 12:38:41,588 [INFO] IPUIPlugin:80 - create IPUIPlugin
2025-10-13 12:38:41,588 [INFO] IPUIPlugin:80 - create IPUIPlugin
2025-10-13 12:38:41,589 [INFO] IPUIPlugin:80 - create IPUIPlugin
2025-10-13 12:38:41,589 [INFO] IPUIPlugin:80 - create IPUIPlugin
2025-10-13 12:38:41,589 [INFO] IPUIPlugin:80 - create IPUIPlugin
2025-10-13 12:38:41,589 [INFO] IPUIPlugin:80 - create IPUIPlugin
2025-10-13 12:38:41,590 [INFO] IPUIPlugin:80 - create IPUIPlugin
2025-10-13 12:38:41,590 [INFO] IPUIPlugin:80 - create IPUIPlugin
2025-10-13 12:38:41,590 [INFO] IPUIPlugin:80 - create IPUIPlugin
2025-10-13 12:38:41,590 [INFO] IPUIPlugin:80 - create IPUIPlugin
2025-10-13 12:38:41,590 [INFO] IPUIPlugin:80 - create IPUIPlugin
2025-10-13 12:38:41,591 [INFO] IPUIPlugin:80 - create IPUIPlugin
2025-10-13 12:38:41,591 [INFO] IPUIPlugin:80 - create IPUIPlugin
2025-10-13 12:38:41,591 [INFO] IPUIPlugin:80 - create IPUIPlugin
2025-10-13 12:38:41,591 [INFO] IPUIPlugin:80 - create IPUIPlugin
2025-10-13 12:38:41,591 [INFO] IPUIPlugin:80 - create IPUIPlugin
2025-10-13 12:38:41,592 [INFO] IPUIPlugin:80 - create IPUIPlugin
2025-10-13 12:38:41,592 [INFO] IPUIPlugin:80 - create IPUIPlugin
2025-10-13 12:38:41,592 [INFO] IPUIPlugin:80 - create IPUIPlugin
2025-10-13 12:38:41,617 [INFO] ApiDbMcu:532 - Load IP Config File for PDM2PCM
2025-10-13 12:38:41,703 [INFO] CADModel:165 - CPN selected for project levelSTM32F446RET6
2025-10-13 12:38:41,703 [INFO] CADModel:114 - Register for checkConnection events
2025-10-13 12:38:41,766 [INFO] OpenFileManager:386 - Restore cursor
2025-10-13 12:39:09,217 [INFO] MainUpdater:2872 - connection check result : 10
2025-10-13 12:39:09,217 [INFO] MainUpdater:2872 - connection check result : 10
2025-10-13 12:39:09,319 [INFO] MicroXplorer:468 - Change Database Path : 
2025-10-13 12:39:09,319 [INFO] MicroXplorer:498 - Change Database Version : DB.6.0.150
2025-10-13 12:39:09,328 [ERROR] ProjectManagerView:395 - 
java.lang.NullPointerException: Cannot invoke "javax.swing.JTextField.getText()" because the return value of "java.util.List.get(int)" is null
	at com.st.microxplorer.plugins.projectmanager.gui.ProjectChoiceTab$9.caretUpdate(ProjectChoiceTab.java:2706) ~[filemanager.jar:?]
	at javax.swing.text.JTextComponent.fireCaretUpdate(JTextComponent.java:408) ~[?:?]
	at javax.swing.text.JTextComponent$MutableCaretEvent.fire(JTextComponent.java:4484) ~[?:?]
	at javax.swing.text.JTextComponent$MutableCaretEvent.stateChanged(JTextComponent.java:4506) ~[?:?]
	at javax.swing.text.DefaultCaret.fireStateChanged(DefaultCaret.java:857) ~[?:?]
	at javax.swing.text.DefaultCaret.changeCaretPosition(DefaultCaret.java:1343) ~[?:?]
	at javax.swing.text.DefaultCaret.handleSetDot(DefaultCaret.java:1242) ~[?:?]
	at javax.swing.text.DefaultCaret.setDot(DefaultCaret.java:1223) ~[?:?]
	at javax.swing.text.DefaultCaret$Handler.insertUpdate(DefaultCaret.java:1819) ~[?:?]
	at javax.swing.text.AbstractDocument.fireInsertUpdate(AbstractDocument.java:227) ~[?:?]
	at javax.swing.text.AbstractDocument.handleInsertString(AbstractDocument.java:781) ~[?:?]
	at javax.swing.text.AbstractDocument.insertString(AbstractDocument.java:740) ~[?:?]
	at javax.swing.text.PlainDocument.insertString(PlainDocument.java:131) ~[?:?]
	at javax.swing.text.AbstractDocument.replace(AbstractDocument.java:699) ~[?:?]
	at javax.swing.text.JTextComponent.setText(JTextComponent.java:1725) ~[?:?]
	at com.st.microxplorer.plugins.projectmanager.gui.ProjectChoiceTab.createHeapStackFields(ProjectChoiceTab.java:993) ~[filemanager.jar:?]
	at com.st.microxplorer.plugins.projectmanager.gui.ProjectChoiceTab.buildLinkSettingsPanel(ProjectChoiceTab.java:3813) ~[filemanager.jar:?]
	at com.st.microxplorer.plugins.projectmanager.gui.ProjectChoiceTab.defineWindowsFields(ProjectChoiceTab.java:1987) ~[filemanager.jar:?]
	at com.st.microxplorer.plugins.projectmanager.gui.ProjectChoiceTab.updateSettings(ProjectChoiceTab.java:558) ~[filemanager.jar:?]
	at com.st.microxplorer.plugins.projectmanager.gui.ProjectSettingsPanel.UpdateDialog(ProjectSettingsPanel.java:247) ~[filemanager.jar:?]
	at com.st.microxplorer.plugins.projectmanager.ProjectManagerView.propertyChange(ProjectManagerView.java:392) ~[filemanager.jar:?]
	at java.beans.PropertyChangeSupport.fire(PropertyChangeSupport.java:343) ~[?:?]
	at java.beans.PropertyChangeSupport.firePropertyChange(PropertyChangeSupport.java:335) ~[?:?]
	at java.beans.PropertyChangeSupport.firePropertyChange(PropertyChangeSupport.java:268) ~[?:?]
	at com.st.microxplorer.util.MXPropertyChangeSupport.firePropertyChange(MXPropertyChangeSupport.java:54) ~[STM32CubeMX.jar:?]
	at com.st.microxplorer.mxsystem.MxSystem.closeConfig(MxSystem.java:899) ~[STM32CubeMX.jar:?]
	at com.st.microxplorer.maingui.MainPanel.closeConfig(MainPanel.java:792) ~[STM32CubeMX.jar:?]
	at com.st.microxplorer.plugins.filemanager.engine.OpenFileManager.loadConfigurationFile(OpenFileManager.java:288) ~[filemanager.jar:?]
	at com.st.microxplorer.plugins.filemanager.engine.MainFileManager.userLoadConfig(MainFileManager.java:364) ~[filemanager.jar:?]
	at com.st.microxplorer.plugins.filemanager.engine.MainFileManager.userLoadConfig(MainFileManager.java:342) ~[filemanager.jar:?]
	at com.st.microxplorer.plugins.filemanager.FileManagerView.getSpecificTask(FileManagerView.java:264) ~[filemanager.jar:?]
	at com.st.stm32cube.common.mx.editor.CubeMxEditor.getMxTabbedPaneInstance(CubeMxEditor.java:1198) ~[com.st.stm32cube.common.mx_6.15.0.202507011659/:?]
	at com.st.stm32cube.common.mx.editor.CubeMxEditor$12$1.createSwingComponent(CubeMxEditor.java:1068) ~[com.st.stm32cube.common.mx_6.15.0.202507011659/:?]
	at com.st.stm32cube.common.mx.oss.core.awtswtbridge.EmbeddedSwingComposite.doComponentCreation(EmbeddedSwingComposite.java:492) ~[com.st.stm32cube.common.mx.oss_6.15.0.202507011659/:?]
	at com.st.stm32cube.common.mx.oss.core.awtswtbridge.EmbeddedSwingComposite$4.run(EmbeddedSwingComposite.java:291) ~[com.st.stm32cube.common.mx.oss_6.15.0.202507011659/:?]
	at com.st.stm32cube.common.mx.oss.core.awtswtbridge.AwtEnvironment$2.run(AwtEnvironment.java:166) ~[com.st.stm32cube.common.mx.oss_6.15.0.202507011659/:?]
	at java.awt.event.InvocationEvent.dispatch(InvocationEvent.java:318) ~[?:?]
	at java.awt.EventQueue.dispatchEventImpl(EventQueue.java:773) ~[?:?]
	at java.awt.EventQueue$4.run(EventQueue.java:720) ~[?:?]
	at java.awt.EventQueue$4.run(EventQueue.java:714) ~[?:?]
	at java.security.AccessController.doPrivileged(AccessController.java:400) ~[?:?]
	at java.security.ProtectionDomain$JavaSecurityAccessImpl.doIntersectionPrivilege(ProtectionDomain.java:87) ~[?:?]
	at java.awt.EventQueue.dispatchEvent(EventQueue.java:742) ~[?:?]
	at java.awt.EventDispatchThread.pumpOneEventForFilters(EventDispatchThread.java:203) ~[?:?]
	at java.awt.EventDispatchThread.pumpEventsForFilter(EventDispatchThread.java:124) ~[?:?]
	at java.awt.EventDispatchThread.pumpEventsForHierarchy(EventDispatchThread.java:113) ~[?:?]
	at java.awt.EventDispatchThread.pumpEvents(EventDispatchThread.java:109) ~[?:?]
	at java.awt.EventDispatchThread.pumpEvents(EventDispatchThread.java:101) ~[?:?]
	at java.awt.EventDispatchThread.run(EventDispatchThread.java:90) ~[?:?]
2025-10-13 12:39:09,328 [WARN] ThirdParty:871 - waiting for thirdparty lock release [close project]
2025-10-13 12:39:09,328 [INFO] ThirdParty:873 - entering critical section [close project]
2025-10-13 12:39:09,328 [INFO] ThirdParty:883 - exiting critical section [close project]
2025-10-13 12:39:09,328 [INFO] PinOutPanel:1589 - setPackage(No Configuration,No Configuration)
2025-10-13 12:39:09,344 [WARN] IpParametersView:155 - Warning: This peripheral hasn't parameters
2025-10-13 12:39:09,344 [WARN] MainPanel:289 - <html><b><center>Warning: This peripheral has no parameters to be configured<br></b></html>
2025-10-13 12:39:09,344 [INFO] UtilMem:75 - Begin LoadConfig() Used Memory: 692866808 Bytes (1073741824)
2025-10-13 12:39:09,344 [INFO] MicroXplorer:468 - Change Database Path : 
2025-10-13 12:39:09,344 [INFO] MicroXplorer:498 - Change Database Version : DB.6.0.150
2025-10-13 12:39:09,344 [INFO] OpenFileManager:355 - Change cursor
2025-10-13 12:39:09,359 [INFO] Mcu:2029 - Initializing MCU STM32F446R(C-E)Tx STM32F446RETx STM32F446RET6
2025-10-13 12:39:10,341 [INFO] Context:786 - Trying to add GPIOservice into a context  which must be forbidden
2025-10-13 12:39:10,508 [INFO] ImportTextPane:234 - (OptionalMessage_ERROR) Pin7 (VP_RIF_VS_RIF1) cannot be retrieved for this MCU
2025-10-13 12:39:10,524 [INFO] RtosManager:558 - Registered RTOS mode: class=CMSIS, group=RTOS, mode=CMSIS_V1, owner=FREERTOS
2025-10-13 12:39:10,524 [INFO] RtosManager:558 - Registered RTOS mode: class=CMSIS, group=RTOS2, mode=CMSIS_V2, owner=FREERTOS
2025-10-13 12:39:10,524 [INFO] RtosManager:558 - Registered RTOS mode: class=RTOS, group=Core, mode=CMSIS_V1, owner=FREERTOS
2025-10-13 12:39:10,524 [INFO] RtosManager:558 - Registered RTOS mode: class=RTOS, group=Core, mode=CMSIS_V2, owner=FREERTOS
2025-10-13 12:39:10,524 [WARN] ModelIntegratedComponent:184 - Missing modes for component STMicroelectronics:FreeRTOS:0.0.1:STMicroelectronics:RTOS:FreeRTOS:Core:::10.2.0:
2025-10-13 12:39:10,529 [WARN] ModelIntegratedComponent:63 - No mode defined for component null
2025-10-13 12:39:10,529 [WARN] ModelIntegratedComponent:63 - No mode defined for component null
2025-10-13 12:39:10,529 [WARN] ModelIntegratedComponent:63 - No mode defined for component null
2025-10-13 12:39:10,529 [WARN] ModelIntegratedComponent:63 - No mode defined for component null
2025-10-13 12:39:10,529 [WARN] ModelIntegratedComponent:63 - No mode defined for component null
2025-10-13 12:39:10,529 [WARN] ModelIntegratedComponent:63 - No mode defined for component null
2025-10-13 12:39:10,529 [WARN] ModelIntegratedComponent:63 - No mode defined for component null
2025-10-13 12:39:10,529 [WARN] ModelIntegratedComponent:63 - No mode defined for component null
2025-10-13 12:39:10,529 [WARN] ModelIntegratedComponent:63 - No mode defined for component null
2025-10-13 12:39:10,529 [WARN] ModelIntegratedComponent:63 - No mode defined for component null
2025-10-13 12:39:10,529 [WARN] ModelIntegratedComponent:63 - No mode defined for component null
2025-10-13 12:39:10,529 [WARN] ModelIntegratedComponent:63 - No mode defined for component null
2025-10-13 12:39:10,529 [WARN] ModelIntegratedComponent:63 - No mode defined for component null
2025-10-13 12:39:10,529 [WARN] ModelIntegratedComponent:63 - No mode defined for component null
2025-10-13 12:39:10,529 [WARN] ModelIntegratedComponent:63 - No mode defined for component null
2025-10-13 12:39:10,529 [WARN] ModelIntegratedComponent:63 - No mode defined for component null
2025-10-13 12:39:10,529 [WARN] ModelIntegratedComponent:63 - No mode defined for component null
2025-10-13 12:39:10,529 [WARN] ModelIntegratedComponent:63 - No mode defined for component null
2025-10-13 12:39:10,529 [WARN] ModelIntegratedComponent:63 - No mode defined for component null
2025-10-13 12:39:10,529 [WARN] ModelIntegratedComponent:63 - No mode defined for component null
2025-10-13 12:39:10,529 [WARN] ModelIntegratedComponent:63 - No mode defined for component null
2025-10-13 12:39:10,529 [WARN] ModelIntegratedComponent:63 - No mode defined for component null
2025-10-13 12:39:10,529 [WARN] ModelIntegratedComponent:63 - No mode defined for component null
2025-10-13 12:39:10,529 [WARN] ModelIntegratedComponent:63 - No mode defined for component null
2025-10-13 12:39:10,529 [WARN] ModelIntegratedComponent:63 - No mode defined for component null
2025-10-13 12:39:10,529 [WARN] ModelIntegratedComponent:63 - No mode defined for component null
2025-10-13 12:39:10,529 [WARN] ModelIntegratedComponent:63 - No mode defined for component null
2025-10-13 12:39:10,529 [WARN] ModelIntegratedComponent:63 - No mode defined for component null
2025-10-13 12:39:10,529 [WARN] ModelIntegratedComponent:63 - No mode defined for component null
2025-10-13 12:39:10,529 [WARN] ModelIntegratedComponent:63 - No mode defined for component null
2025-10-13 12:39:10,529 [WARN] ModelIntegratedComponent:63 - No mode defined for component null
2025-10-13 12:39:10,529 [WARN] ModelIntegratedComponent:63 - No mode defined for component null
2025-10-13 12:39:10,529 [WARN] ModelIntegratedComponent:63 - No mode defined for component null
2025-10-13 12:39:10,529 [WARN] ModelIntegratedComponent:63 - No mode defined for component null
2025-10-13 12:39:10,529 [WARN] ModelIntegratedComponent:63 - No mode defined for component null
2025-10-13 12:39:10,529 [WARN] ModelPack:524 - Component already loaded: STMicroelectronics:HAL Drivers:0.0.0:STMicroelectronics:Device:STMicro_Driver:XSPI:HAL::0.0.1:HAL_XSPI
2025-10-13 12:39:10,572 [INFO] ThirdPartyModel:298 - Start build external matchings
2025-10-13 12:39:10,873 [INFO] ThirdPartyModel:316 - End build external matchings
2025-10-13 12:39:10,873 [INFO] ImportTextPane:234 - (OptionalMessage_ERROR) IP (RCC) : Invalid parameter (48MHZClocksFreq_Value)
2025-10-13 12:39:10,873 [INFO] ImportTextPane:234 - (OptionalMessage_ERROR) IP (RCC) : Invalid parameter (EthernetFreq_Value)
2025-10-13 12:39:10,873 [INFO] ImportTextPane:234 - (OptionalMessage_ERROR) IP (RCC) : Parameter (FLatency) has Id (AdvancedSettings) currently not set
2025-10-13 12:39:10,873 [INFO] ImportTextPane:234 - (OptionalMessage_ERROR) IP (RCC) : Invalid parameter (FamilyName)
2025-10-13 12:39:10,873 [INFO] ImportTextPane:234 - (OptionalMessage_ERROR) IP (RCC) : Invalid parameter (I2SClocksFreq_Value)
2025-10-13 12:39:10,889 [INFO] ImportTextPane:234 - (OptionalMessage_ERROR) IP (RCC) : Parameter (SDIOFreq_Value) has invalid value (168000000)
2025-10-13 12:39:10,889 [INFO] ImportTextPane:234 - (OptionalMessage_ERROR) IP (RCC) : Parameter (USBFreq_Value) has invalid value (168000000)
2025-10-13 12:39:10,889 [INFO] ImportTextPane:234 - (OptionalMessage_ERROR) IP (RCC) : Invalid parameter (VCOInputMFreq_Value)
2025-10-13 12:39:10,889 [INFO] ImportTextPane:234 - (OptionalMessage_ERROR) IP (RCC) : Invalid parameter (VcooutputI2S)
2025-10-13 12:39:11,097 [INFO] UtilMem:75 - End LoadConfig() Used Memory: 377266344 Bytes (1073741824)
2025-10-13 12:39:11,161 [WARN] ThirdParty:833 - waiting for thirdparty lock release [change project]
2025-10-13 12:39:11,161 [INFO] ThirdParty:835 - entering critical section [change project]
2025-10-13 12:39:11,161 [INFO] ThirdParty:1030 - CMSIS Pack Vendor :STMicroelectronics X-CUBE-PM33A1 1.0.0
2025-10-13 12:39:11,161 [INFO] ThirdParty:1030 - CMSIS Pack Vendor :STMicroelectronics USBPD 4.1
2025-10-13 12:39:11,161 [INFO] ThirdParty:1030 - CMSIS Pack Vendor :STMicroelectronics X-CUBE-NFC9 1.0.0
2025-10-13 12:39:11,161 [INFO] ThirdParty:1030 - CMSIS Pack Vendor :STMicroelectronics USB_HOST 2.0.0
2025-10-13 12:39:11,161 [INFO] ThirdParty:1030 - CMSIS Pack Vendor :STMicroelectronics FP-SNS-MOTENVWB1 1.4.0
2025-10-13 12:39:11,161 [INFO] ThirdParty:1030 - CMSIS Pack Vendor :STMicroelectronics X-CUBE-AZRTOS-F4 1.1.0
2025-10-13 12:39:11,161 [INFO] ThirdParty:1030 - CMSIS Pack Vendor :STMicroelectronics LIBJPEG 8.0.0
2025-10-13 12:39:11,161 [INFO] ThirdParty:1030 - CMSIS Pack Vendor :STMicroelectronics FP-ATR-ASTRA1 2.0.2
2025-10-13 12:39:11,161 [INFO] ThirdParty:1030 - CMSIS Pack Vendor :wolfSSL I-CUBE-wolfSSL 5.8.2
2025-10-13 12:39:11,161 [INFO] ThirdParty:1030 - CMSIS Pack Vendor :STMicroelectronics X-CUBE-BLE1 7.1.0
2025-10-13 12:39:11,161 [INFO] ThirdParty:1030 - CMSIS Pack Vendor :Avnet-IotConnect X-CUBE-IoTC-DA16k-PMOD 1.0.0
2025-10-13 12:39:11,161 [INFO] ThirdParty:1030 - CMSIS Pack Vendor :STMicroelectronics X-CUBE-SMBUS 2.1.0
2025-10-13 12:39:11,161 [INFO] ThirdParty:1030 - CMSIS Pack Vendor :wolfSSL I-CUBE-wolfMQTT 1.19.2
2025-10-13 12:39:11,161 [INFO] ThirdParty:1030 - CMSIS Pack Vendor :STMicroelectronics USB_DEVICE 3.0.0
2025-10-13 12:39:11,161 [INFO] ThirdParty:1030 - CMSIS Pack Vendor :STMicroelectronics X-CUBE-ISPU 2.1.0
2025-10-13 12:39:11,161 [INFO] ThirdParty:1030 - CMSIS Pack Vendor :STMicroelectronics X-CUBE-EEPRMA1 5.2.0
2025-10-13 12:39:11,161 [INFO] ThirdParty:1030 - CMSIS Pack Vendor :STMicroelectronics X-CUBE-BLEMGR 4.1.0
2025-10-13 12:39:11,161 [INFO] ThirdParty:1030 - CMSIS Pack Vendor :STMicroelectronics X-CUBE-AZRTOS-WB 2.0.0
2025-10-13 12:39:11,161 [INFO] ThirdParty:1030 - CMSIS Pack Vendor :STMicroelectronics X-CUBE-ST60 1.0.0
2025-10-13 12:39:11,161 [INFO] ThirdParty:1030 - CMSIS Pack Vendor :STMicroelectronics X-CUBE-GNSS1 7.0.1
2025-10-13 12:39:11,161 [INFO] ThirdParty:1030 - CMSIS Pack Vendor :STMicroelectronics X-CUBE-NFC12 1.0.0
2025-10-13 12:39:11,161 [INFO] ThirdParty:1030 - CMSIS Pack Vendor :STMicroelectronics X-CUBE-AZRTOS-F7 1.1.0
2025-10-13 12:39:11,161 [INFO] ThirdParty:1030 - CMSIS Pack Vendor :STMicroelectronics X-CUBE-AZRTOS-L5 2.0.0
2025-10-13 12:39:11,161 [INFO] ThirdParty:1030 - CMSIS Pack Vendor :STMicroelectronics X-CUBE-TOUCHGFX 4.25.0
2025-10-13 12:39:11,161 [INFO] ThirdParty:1030 - CMSIS Pack Vendor :STMicroelectronics USB_DEVICE 2.0.0
2025-10-13 12:39:11,161 [INFO] ThirdParty:1030 - CMSIS Pack Vendor :STMicroelectronics X-CUBE-NFC6 3.1.0
2025-10-13 12:39:11,161 [INFO] ThirdParty:1030 - CMSIS Pack Vendor :quantropi X-CUBE-qispace-sdk-base 2.1.0
2025-10-13 12:39:11,161 [INFO] ThirdParty:1030 - CMSIS Pack Vendor :STMicroelectronics FreeRTOS 0.0.1
2025-10-13 12:39:11,161 [INFO] ThirdParty:1030 - CMSIS Pack Vendor :STMicroelectronics X-CUBE-AZRTOS-G0 1.1.0
2025-10-13 12:39:11,161 [INFO] ThirdParty:1030 - CMSIS Pack Vendor :STMicroelectronics X-CUBE-SAFEA1 1.2.2
2025-10-13 12:39:11,161 [INFO] ThirdParty:1030 - CMSIS Pack Vendor :STMicroelectronics X-CUBE-NFC4 3.0.0
2025-10-13 12:39:11,161 [INFO] ThirdParty:1030 - CMSIS Pack Vendor :STMicroelectronics X-CUBE-SUBG2 5.0.0
2025-10-13 12:39:11,161 [INFO] ThirdParty:1030 - CMSIS Pack Vendor :STMicroelectronics X-CUBE-AZRTOS-H7RS 1.1.0
2025-10-13 12:39:11,161 [INFO] ThirdParty:1030 - CMSIS Pack Vendor :STMicroelectronics STM32_WPAN 1.0.0
2025-10-13 12:39:11,161 [INFO] ThirdParty:1030 - CMSIS Pack Vendor :EmbeddedOffice I-CUBE-FS-RTOS 1.0.1
2025-10-13 12:39:11,161 [INFO] ThirdParty:1030 - CMSIS Pack Vendor :STMicroelectronics lwIP 2.0.3
2025-10-13 12:39:11,161 [INFO] ThirdParty:1030 - CMSIS Pack Vendor :WES I-CUBE-Cesium 1.4.0
2025-10-13 12:39:11,161 [INFO] ThirdParty:1030 - CMSIS Pack Vendor :Cesanta I-CUBE-Mongoose 7.13.0
2025-10-13 12:39:11,161 [INFO] ThirdParty:1030 - CMSIS Pack Vendor :STMicroelectronics USB_HOST 1.0.0
2025-10-13 12:39:11,161 [INFO] ThirdParty:1030 - CMSIS Pack Vendor :Infineon AIROC-Wi-Fi-Bluetooth-STM32 1.7.1
2025-10-13 12:39:11,161 [INFO] ThirdParty:1030 - CMSIS Pack Vendor :STMicroelectronics X-CUBE-AZRTOS-G4 2.0.0
2025-10-13 12:39:11,161 [INFO] ThirdParty:1030 - CMSIS Pack Vendor :STMicroelectronics X-CUBE-WB05N 2.0.0
2025-10-13 12:39:11,161 [INFO] ThirdParty:1030 - CMSIS Pack Vendor :STMicroelectronics PDM2PCM 3.1.0
2025-10-13 12:39:11,161 [INFO] ThirdParty:1030 - CMSIS Pack Vendor :STMicroelectronics PDM2PCM 3.3.0
2025-10-13 12:39:11,161 [INFO] ThirdParty:1030 - CMSIS Pack Vendor :wolfSSL I-CUBE-wolfTPM 3.8.0
2025-10-13 12:39:11,161 [INFO] ThirdParty:1030 - CMSIS Pack Vendor :STMicroelectronics X-CUBE-AZRTOS-H7 3.4.0
2025-10-13 12:39:11,161 [INFO] ThirdParty:1030 - CMSIS Pack Vendor :STMicroelectronics X-CUBE-DISPLAY 3.0.0
2025-10-13 12:39:11,161 [INFO] ThirdParty:1030 - CMSIS Pack Vendor :wolfSSL I-CUBE-wolfSSH 1.4.20
2025-10-13 12:39:11,161 [INFO] ThirdParty:1030 - CMSIS Pack Vendor :STMicroelectronics X-CUBE-NFC7 2.0.0
2025-10-13 12:39:11,161 [INFO] ThirdParty:1030 - CMSIS Pack Vendor :STMicroelectronics X-CUBE-TCPP 4.2.0
2025-10-13 12:39:11,161 [INFO] ThirdParty:1030 - CMSIS Pack Vendor :RealThread X-CUBE-RT-Thread_Nano 4.1.1
2025-10-13 12:39:11,161 [INFO] ThirdParty:1030 - CMSIS Pack Vendor :STMicroelectronics FP-ATR-SIGFOX1 3.2.0
2025-10-13 12:39:11,161 [INFO] ThirdParty:1030 - CMSIS Pack Vendor :STMicroelectronics X-CUBE-NFC10 1.0.0
2025-10-13 12:39:11,161 [INFO] ThirdParty:1030 - CMSIS Pack Vendor :STMicroelectronics X-CUBE-FREERTOS 1.3.1
2025-10-13 12:39:11,161 [INFO] ThirdParty:1030 - CMSIS Pack Vendor :STMicroelectronics HAL Drivers 0.0.0
2025-10-13 12:39:11,161 [INFO] ThirdParty:1030 - CMSIS Pack Vendor :STMicroelectronics MBEDTLS 2.16.2
2025-10-13 12:39:11,161 [INFO] ThirdParty:1030 - CMSIS Pack Vendor :STMicroelectronics X-CUBE-IPS 3.1.0
2025-10-13 12:39:11,161 [INFO] ThirdParty:1030 - CMSIS Pack Vendor :STMicroelectronics X-CUBE-ALS 1.0.2
2025-10-13 12:39:11,161 [INFO] ThirdParty:1030 - CMSIS Pack Vendor :emotas I-CUBE-CANOPEN 1.3.0
2025-10-13 12:39:11,161 [INFO] ThirdParty:1030 - CMSIS Pack Vendor :STMicroelectronics MBEDTLS 2.14.1
2025-10-13 12:39:11,161 [INFO] ThirdParty:1030 - CMSIS Pack Vendor :ITTIA_DB I-CUBE-ITTIADB 8.9.0
2025-10-13 12:39:11,161 [INFO] ThirdParty:1030 - CMSIS Pack Vendor :STMicroelectronics X-CUBE-TOUCHGFX 4.26.0
2025-10-13 12:39:11,161 [INFO] ThirdParty:1030 - CMSIS Pack Vendor :STMicroelectronics X-CUBE-STSE01 1.0.0
2025-10-13 12:39:11,161 [INFO] ThirdParty:1030 - CMSIS Pack Vendor :STMicroelectronics X-CUBE-ST67W61 1.0.0
2025-10-13 12:39:11,161 [INFO] ThirdParty:1030 - CMSIS Pack Vendor :STMicroelectronics FP-SNS-STBOX1 2.1.0
2025-10-13 12:39:11,161 [INFO] ThirdParty:1030 - CMSIS Pack Vendor :STMicroelectronics X-CUBE-AI 10.2.0
2025-10-13 12:39:11,161 [INFO] ThirdParty:1030 - CMSIS Pack Vendor :STMicroelectronics FP-SNS-STAIOTCFT 1.0.0
2025-10-13 12:39:11,161 [INFO] ThirdParty:1030 - CMSIS Pack Vendor :STMicroelectronics ThreadX 1.0.0
2025-10-13 12:39:11,161 [INFO] ThirdParty:1030 - CMSIS Pack Vendor :STMicroelectronics FP-SNS-SMARTAG2 1.2.0
2025-10-13 12:39:11,161 [INFO] ThirdParty:1030 - CMSIS Pack Vendor :STMicroelectronics FP-SNS-FLIGHT1 5.1.0
2025-10-13 12:39:11,161 [INFO] ThirdParty:1030 - CMSIS Pack Vendor :STMicroelectronics X-CUBE-AZRTOS-WL 2.0.0
2025-10-13 12:39:11,161 [INFO] ThirdParty:1030 - CMSIS Pack Vendor :SEGGER I-CUBE-embOS 1.3.1
2025-10-13 12:39:11,161 [INFO] ThirdParty:1030 - CMSIS Pack Vendor :STMicroelectronics X-CUBE-ALGOBUILD 1.4.0
2025-10-13 12:39:11,161 [INFO] ThirdParty:1030 - CMSIS Pack Vendor :STMicroelectronics X-CUBE-DPower 1.3.0
2025-10-13 12:39:11,161 [INFO] ThirdParty:1030 - CMSIS Pack Vendor :STMicroelectronics X-CUBE-MEMS1 11.3.0
2025-10-13 12:39:11,161 [INFO] ThirdParty:1030 - CMSIS Pack Vendor :STMicroelectronics FP-SNS-MOTENV1 5.0.0
2025-10-13 12:39:11,161 [INFO] ThirdParty:1030 - CMSIS Pack Vendor :STMicroelectronics USB_DEVICE 1.0.0
2025-10-13 12:39:11,161 [INFO] ThirdParty:1030 - CMSIS Pack Vendor :STMicroelectronics X-CUBE-AZRTOS-L4 2.0.0
2025-10-13 12:39:11,161 [INFO] ThirdParty:1030 - CMSIS Pack Vendor :STMicroelectronics ThreadX 0.0.2
2025-10-13 12:39:11,161 [INFO] ThirdParty:1030 - CMSIS Pack Vendor :STMicroelectronics lwIP 2.1.2
2025-10-13 12:39:11,161 [INFO] ThirdParty:1030 - CMSIS Pack Vendor :STMicroelectronics X-CUBE-SFXS2LP1 4.0.0
2025-10-13 12:39:11,161 [INFO] ThirdParty:1030 - CMSIS Pack Vendor :STMicroelectronics X-CUBE-BLE2 3.3.0
2025-10-13 12:39:11,161 [INFO] ThirdParty:1030 - CMSIS Pack Vendor :STMicroelectronics X-CUBE-TOF1 3.4.3
2025-10-13 12:39:11,161 [INFO] ThirdParty:1030 - CMSIS Pack Vendor :STMicroelectronics PDM2PCM 3.2.0
2025-10-13 12:39:11,161 [INFO] ThirdParty:841 - exiting critical section [change project]
2025-10-13 12:39:11,266 [INFO] PinOutPanel:1589 - setPackage(No Configuration,No Configuration)
2025-10-13 12:39:11,266 [INFO] PinOutPanel:1589 - setPackage(STM32F446RETx,LQFP64)
2025-10-13 12:39:11,417 [INFO] UtilMem:75 - Before build in PCC Used Memory: 591692784 Bytes (1073741824)
2025-10-13 12:39:11,541 [INFO] UtilMem:75 - After build in PCC Used Memory: 640975856 Bytes (1073741824)
2025-10-13 12:39:11,558 [INFO] IPUIPlugin:80 - create IPUIPlugin
2025-10-13 12:39:11,558 [INFO] IPUIPlugin:80 - create IPUIPlugin
2025-10-13 12:39:11,558 [INFO] IPUIPlugin:80 - create IPUIPlugin
2025-10-13 12:39:11,558 [INFO] IPUIPlugin:80 - create IPUIPlugin
2025-10-13 12:39:11,558 [INFO] IPUIPlugin:80 - create IPUIPlugin
2025-10-13 12:39:11,558 [INFO] IPUIPlugin:80 - create IPUIPlugin
2025-10-13 12:39:11,558 [INFO] IPUIPlugin:80 - create IPUIPlugin
2025-10-13 12:39:11,558 [INFO] IPUIPlugin:80 - create IPUIPlugin
2025-10-13 12:39:11,558 [INFO] IPUIPlugin:80 - create IPUIPlugin
2025-10-13 12:39:11,558 [INFO] IPUIPlugin:80 - create IPUIPlugin
2025-10-13 12:39:11,558 [INFO] IPUIPlugin:80 - create IPUIPlugin
2025-10-13 12:39:11,558 [INFO] IPUIPlugin:80 - create IPUIPlugin
2025-10-13 12:39:11,558 [INFO] IPUIPlugin:80 - create IPUIPlugin
2025-10-13 12:39:11,558 [INFO] IPUIPlugin:80 - create IPUIPlugin
2025-10-13 12:39:11,558 [INFO] IPUIPlugin:80 - create IPUIPlugin
2025-10-13 12:39:11,558 [INFO] IPUIPlugin:80 - create IPUIPlugin
2025-10-13 12:39:11,558 [INFO] IPUIPlugin:80 - create IPUIPlugin
2025-10-13 12:39:11,559 [INFO] IPUIPlugin:80 - create IPUIPlugin
2025-10-13 12:39:11,559 [INFO] IPUIPlugin:80 - create IPUIPlugin
2025-10-13 12:39:11,559 [INFO] IPUIPlugin:80 - create IPUIPlugin
2025-10-13 12:39:11,559 [INFO] IPUIPlugin:80 - create IPUIPlugin
2025-10-13 12:39:11,559 [INFO] IPUIPlugin:80 - create IPUIPlugin
2025-10-13 12:39:11,559 [INFO] IPUIPlugin:80 - create IPUIPlugin
2025-10-13 12:39:11,559 [INFO] IPUIPlugin:80 - create IPUIPlugin
2025-10-13 12:39:11,559 [INFO] IPUIPlugin:80 - create IPUIPlugin
2025-10-13 12:39:11,559 [INFO] IPUIPlugin:80 - create IPUIPlugin
2025-10-13 12:39:11,559 [INFO] IPUIPlugin:80 - create IPUIPlugin
2025-10-13 12:39:11,559 [INFO] IPUIPlugin:80 - create IPUIPlugin
2025-10-13 12:39:11,559 [INFO] IPUIPlugin:80 - create IPUIPlugin
2025-10-13 12:39:11,559 [INFO] IPUIPlugin:80 - create IPUIPlugin
2025-10-13 12:39:11,559 [INFO] IPUIPlugin:80 - create IPUIPlugin
2025-10-13 12:39:11,560 [INFO] IPUIPlugin:80 - create IPUIPlugin
2025-10-13 12:39:11,560 [INFO] IPUIPlugin:80 - create IPUIPlugin
2025-10-13 12:39:11,560 [INFO] IPUIPlugin:80 - create IPUIPlugin
2025-10-13 12:39:11,560 [INFO] IPUIPlugin:80 - create IPUIPlugin
2025-10-13 12:39:11,560 [INFO] IPUIPlugin:80 - create IPUIPlugin
2025-10-13 12:39:11,560 [INFO] IPUIPlugin:80 - create IPUIPlugin
2025-10-13 12:39:11,560 [INFO] IPUIPlugin:80 - create IPUIPlugin
2025-10-13 12:39:11,560 [INFO] IPUIPlugin:80 - create IPUIPlugin
2025-10-13 12:39:11,560 [INFO] IPUIPlugin:80 - create IPUIPlugin
2025-10-13 12:39:11,560 [INFO] IPUIPlugin:80 - create IPUIPlugin
2025-10-13 12:39:11,560 [INFO] IPUIPlugin:80 - create IPUIPlugin
2025-10-13 12:39:11,561 [INFO] IPUIPlugin:80 - create IPUIPlugin
2025-10-13 12:39:11,561 [INFO] IPUIPlugin:80 - create IPUIPlugin
2025-10-13 12:39:11,561 [INFO] IPUIPlugin:80 - create IPUIPlugin
2025-10-13 12:39:11,561 [INFO] IPUIPlugin:80 - create IPUIPlugin
2025-10-13 12:39:11,561 [INFO] IPUIPlugin:80 - create IPUIPlugin
2025-10-13 12:39:11,561 [INFO] IPUIPlugin:80 - create IPUIPlugin
2025-10-13 12:39:11,561 [INFO] IPUIPlugin:80 - create IPUIPlugin
2025-10-13 12:39:11,561 [INFO] IPUIPlugin:80 - create IPUIPlugin
2025-10-13 12:39:11,561 [INFO] IPUIPlugin:80 - create IPUIPlugin
2025-10-13 12:39:11,562 [INFO] IPUIPlugin:80 - create IPUIPlugin
2025-10-13 12:39:11,562 [INFO] IPUIPlugin:80 - create IPUIPlugin
2025-10-13 12:39:11,562 [INFO] IPUIPlugin:80 - create IPUIPlugin
2025-10-13 12:39:11,562 [INFO] IPUIPlugin:80 - create IPUIPlugin
2025-10-13 12:39:11,562 [INFO] IPUIPlugin:80 - create IPUIPlugin
2025-10-13 12:39:11,562 [INFO] IPUIPlugin:80 - create IPUIPlugin
2025-10-13 12:39:11,563 [INFO] IPUIPlugin:80 - create IPUIPlugin
2025-10-13 12:39:11,563 [INFO] IPUIPlugin:80 - create IPUIPlugin
2025-10-13 12:39:11,563 [INFO] IPUIPlugin:80 - create IPUIPlugin
2025-10-13 12:39:11,567 [INFO] ApiDbMcu:532 - Load IP Config File for PDM2PCM
2025-10-13 12:39:11,609 [INFO] CADModel:165 - CPN selected for project levelSTM32F446RET6
2025-10-13 12:39:11,609 [INFO] CADModel:114 - Register for checkConnection events
2025-10-13 12:39:11,667 [INFO] OpenFileManager:386 - Restore cursor
2025-10-13 12:39:41,172 [INFO] MainUpdater:2872 - connection check result : 10
2025-10-13 12:39:41,172 [INFO] MainUpdater:2872 - connection check result : 10
2025-10-13 12:39:41,277 [INFO] MicroXplorer:468 - Change Database Path : 
2025-10-13 12:39:41,277 [INFO] MicroXplorer:498 - Change Database Version : DB.6.0.150
2025-10-13 12:39:41,285 [ERROR] ProjectManagerView:395 - 
java.lang.NullPointerException: Cannot invoke "javax.swing.JTextField.getText()" because the return value of "java.util.List.get(int)" is null
	at com.st.microxplorer.plugins.projectmanager.gui.ProjectChoiceTab$9.caretUpdate(ProjectChoiceTab.java:2706) ~[filemanager.jar:?]
	at javax.swing.text.JTextComponent.fireCaretUpdate(JTextComponent.java:408) ~[?:?]
	at javax.swing.text.JTextComponent$MutableCaretEvent.fire(JTextComponent.java:4484) ~[?:?]
	at javax.swing.text.JTextComponent$MutableCaretEvent.stateChanged(JTextComponent.java:4506) ~[?:?]
	at javax.swing.text.DefaultCaret.fireStateChanged(DefaultCaret.java:857) ~[?:?]
	at javax.swing.text.DefaultCaret.changeCaretPosition(DefaultCaret.java:1343) ~[?:?]
	at javax.swing.text.DefaultCaret.handleSetDot(DefaultCaret.java:1242) ~[?:?]
	at javax.swing.text.DefaultCaret.setDot(DefaultCaret.java:1223) ~[?:?]
	at javax.swing.text.DefaultCaret$Handler.insertUpdate(DefaultCaret.java:1819) ~[?:?]
	at javax.swing.text.AbstractDocument.fireInsertUpdate(AbstractDocument.java:227) ~[?:?]
	at javax.swing.text.AbstractDocument.handleInsertString(AbstractDocument.java:781) ~[?:?]
	at javax.swing.text.AbstractDocument.insertString(AbstractDocument.java:740) ~[?:?]
	at javax.swing.text.PlainDocument.insertString(PlainDocument.java:131) ~[?:?]
	at javax.swing.text.AbstractDocument.replace(AbstractDocument.java:699) ~[?:?]
	at javax.swing.text.JTextComponent.setText(JTextComponent.java:1725) ~[?:?]
	at com.st.microxplorer.plugins.projectmanager.gui.ProjectChoiceTab.createHeapStackFields(ProjectChoiceTab.java:993) ~[filemanager.jar:?]
	at com.st.microxplorer.plugins.projectmanager.gui.ProjectChoiceTab.buildLinkSettingsPanel(ProjectChoiceTab.java:3813) ~[filemanager.jar:?]
	at com.st.microxplorer.plugins.projectmanager.gui.ProjectChoiceTab.defineWindowsFields(ProjectChoiceTab.java:1987) ~[filemanager.jar:?]
	at com.st.microxplorer.plugins.projectmanager.gui.ProjectChoiceTab.updateSettings(ProjectChoiceTab.java:558) ~[filemanager.jar:?]
	at com.st.microxplorer.plugins.projectmanager.gui.ProjectSettingsPanel.UpdateDialog(ProjectSettingsPanel.java:247) ~[filemanager.jar:?]
	at com.st.microxplorer.plugins.projectmanager.ProjectManagerView.propertyChange(ProjectManagerView.java:392) ~[filemanager.jar:?]
	at java.beans.PropertyChangeSupport.fire(PropertyChangeSupport.java:343) ~[?:?]
	at java.beans.PropertyChangeSupport.firePropertyChange(PropertyChangeSupport.java:335) ~[?:?]
	at java.beans.PropertyChangeSupport.firePropertyChange(PropertyChangeSupport.java:268) ~[?:?]
	at com.st.microxplorer.util.MXPropertyChangeSupport.firePropertyChange(MXPropertyChangeSupport.java:54) ~[STM32CubeMX.jar:?]
	at com.st.microxplorer.mxsystem.MxSystem.closeConfig(MxSystem.java:899) ~[STM32CubeMX.jar:?]
	at com.st.microxplorer.maingui.MainPanel.closeConfig(MainPanel.java:792) ~[STM32CubeMX.jar:?]
	at com.st.microxplorer.plugins.filemanager.engine.OpenFileManager.loadConfigurationFile(OpenFileManager.java:288) ~[filemanager.jar:?]
	at com.st.microxplorer.plugins.filemanager.engine.MainFileManager.userLoadConfig(MainFileManager.java:364) ~[filemanager.jar:?]
	at com.st.microxplorer.plugins.filemanager.engine.MainFileManager.userLoadConfig(MainFileManager.java:342) ~[filemanager.jar:?]
	at com.st.microxplorer.plugins.filemanager.FileManagerView.getSpecificTask(FileManagerView.java:264) ~[filemanager.jar:?]
	at com.st.stm32cube.common.mx.editor.CubeMxEditor.getMxTabbedPaneInstance(CubeMxEditor.java:1198) ~[com.st.stm32cube.common.mx_6.15.0.202507011659/:?]
	at com.st.stm32cube.common.mx.editor.CubeMxEditor$12$1.createSwingComponent(CubeMxEditor.java:1068) ~[com.st.stm32cube.common.mx_6.15.0.202507011659/:?]
	at com.st.stm32cube.common.mx.oss.core.awtswtbridge.EmbeddedSwingComposite.doComponentCreation(EmbeddedSwingComposite.java:492) ~[com.st.stm32cube.common.mx.oss_6.15.0.202507011659/:?]
	at com.st.stm32cube.common.mx.oss.core.awtswtbridge.EmbeddedSwingComposite$4.run(EmbeddedSwingComposite.java:291) ~[com.st.stm32cube.common.mx.oss_6.15.0.202507011659/:?]
	at com.st.stm32cube.common.mx.oss.core.awtswtbridge.AwtEnvironment$2.run(AwtEnvironment.java:166) ~[com.st.stm32cube.common.mx.oss_6.15.0.202507011659/:?]
	at java.awt.event.InvocationEvent.dispatch(InvocationEvent.java:318) ~[?:?]
	at java.awt.EventQueue.dispatchEventImpl(EventQueue.java:773) ~[?:?]
	at java.awt.EventQueue$4.run(EventQueue.java:720) ~[?:?]
	at java.awt.EventQueue$4.run(EventQueue.java:714) ~[?:?]
	at java.security.AccessController.doPrivileged(AccessController.java:400) ~[?:?]
	at java.security.ProtectionDomain$JavaSecurityAccessImpl.doIntersectionPrivilege(ProtectionDomain.java:87) ~[?:?]
	at java.awt.EventQueue.dispatchEvent(EventQueue.java:742) ~[?:?]
	at java.awt.EventDispatchThread.pumpOneEventForFilters(EventDispatchThread.java:203) ~[?:?]
	at java.awt.EventDispatchThread.pumpEventsForFilter(EventDispatchThread.java:124) ~[?:?]
	at java.awt.EventDispatchThread.pumpEventsForHierarchy(EventDispatchThread.java:113) ~[?:?]
	at java.awt.EventDispatchThread.pumpEvents(EventDispatchThread.java:109) ~[?:?]
	at java.awt.EventDispatchThread.pumpEvents(EventDispatchThread.java:101) ~[?:?]
	at java.awt.EventDispatchThread.run(EventDispatchThread.java:90) ~[?:?]
2025-10-13 12:39:41,288 [WARN] ThirdParty:871 - waiting for thirdparty lock release [close project]
2025-10-13 12:39:41,288 [INFO] ThirdParty:873 - entering critical section [close project]
2025-10-13 12:39:41,288 [INFO] ThirdParty:883 - exiting critical section [close project]
2025-10-13 12:39:41,288 [INFO] PinOutPanel:1589 - setPackage(No Configuration,No Configuration)
2025-10-13 12:39:41,295 [WARN] IpParametersView:155 - Warning: This peripheral hasn't parameters
2025-10-13 12:39:41,297 [WARN] MainPanel:289 - <html><b><center>Warning: This peripheral has no parameters to be configured<br></b></html>
2025-10-13 12:39:41,302 [INFO] UtilMem:75 - Begin LoadConfig() Used Memory: 680841672 Bytes (1073741824)
2025-10-13 12:39:41,302 [INFO] MicroXplorer:468 - Change Database Path : 
2025-10-13 12:39:41,302 [INFO] MicroXplorer:498 - Change Database Version : DB.6.0.150
2025-10-13 12:39:41,302 [INFO] OpenFileManager:355 - Change cursor
2025-10-13 12:39:41,310 [INFO] Mcu:2029 - Initializing MCU STM32F446R(C-E)Tx STM32F446RETx STM32F446RET6
2025-10-13 12:39:42,257 [INFO] Context:786 - Trying to add GPIOservice into a context  which must be forbidden
2025-10-13 12:39:42,393 [INFO] ImportTextPane:234 - (OptionalMessage_ERROR) Pin16 (VP_RIF_VS_RIF1) cannot be retrieved for this MCU
2025-10-13 12:39:42,407 [INFO] RtosManager:558 - Registered RTOS mode: class=CMSIS, group=RTOS, mode=CMSIS_V1, owner=FREERTOS
2025-10-13 12:39:42,407 [INFO] RtosManager:558 - Registered RTOS mode: class=CMSIS, group=RTOS2, mode=CMSIS_V2, owner=FREERTOS
2025-10-13 12:39:42,407 [INFO] RtosManager:558 - Registered RTOS mode: class=RTOS, group=Core, mode=CMSIS_V1, owner=FREERTOS
2025-10-13 12:39:42,407 [INFO] RtosManager:558 - Registered RTOS mode: class=RTOS, group=Core, mode=CMSIS_V2, owner=FREERTOS
2025-10-13 12:39:42,407 [WARN] ModelIntegratedComponent:184 - Missing modes for component STMicroelectronics:FreeRTOS:0.0.1:STMicroelectronics:RTOS:FreeRTOS:Core:::10.2.0:
2025-10-13 12:39:42,411 [WARN] ModelIntegratedComponent:63 - No mode defined for component null
2025-10-13 12:39:42,411 [WARN] ModelIntegratedComponent:63 - No mode defined for component null
2025-10-13 12:39:42,411 [WARN] ModelIntegratedComponent:63 - No mode defined for component null
2025-10-13 12:39:42,411 [WARN] ModelIntegratedComponent:63 - No mode defined for component null
2025-10-13 12:39:42,411 [WARN] ModelIntegratedComponent:63 - No mode defined for component null
2025-10-13 12:39:42,411 [WARN] ModelIntegratedComponent:63 - No mode defined for component null
2025-10-13 12:39:42,411 [WARN] ModelIntegratedComponent:63 - No mode defined for component null
2025-10-13 12:39:42,411 [WARN] ModelIntegratedComponent:63 - No mode defined for component null
2025-10-13 12:39:42,411 [WARN] ModelIntegratedComponent:63 - No mode defined for component null
2025-10-13 12:39:42,411 [WARN] ModelIntegratedComponent:63 - No mode defined for component null
2025-10-13 12:39:42,411 [WARN] ModelIntegratedComponent:63 - No mode defined for component null
2025-10-13 12:39:42,411 [WARN] ModelIntegratedComponent:63 - No mode defined for component null
2025-10-13 12:39:42,411 [WARN] ModelIntegratedComponent:63 - No mode defined for component null
2025-10-13 12:39:42,411 [WARN] ModelIntegratedComponent:63 - No mode defined for component null
2025-10-13 12:39:42,411 [WARN] ModelIntegratedComponent:63 - No mode defined for component null
2025-10-13 12:39:42,411 [WARN] ModelIntegratedComponent:63 - No mode defined for component null
2025-10-13 12:39:42,411 [WARN] ModelIntegratedComponent:63 - No mode defined for component null
2025-10-13 12:39:42,411 [WARN] ModelIntegratedComponent:63 - No mode defined for component null
2025-10-13 12:39:42,411 [WARN] ModelIntegratedComponent:63 - No mode defined for component null
2025-10-13 12:39:42,411 [WARN] ModelIntegratedComponent:63 - No mode defined for component null
2025-10-13 12:39:42,411 [WARN] ModelIntegratedComponent:63 - No mode defined for component null
2025-10-13 12:39:42,411 [WARN] ModelIntegratedComponent:63 - No mode defined for component null
2025-10-13 12:39:42,411 [WARN] ModelIntegratedComponent:63 - No mode defined for component null
2025-10-13 12:39:42,411 [WARN] ModelIntegratedComponent:63 - No mode defined for component null
2025-10-13 12:39:42,411 [WARN] ModelIntegratedComponent:63 - No mode defined for component null
2025-10-13 12:39:42,411 [WARN] ModelIntegratedComponent:63 - No mode defined for component null
2025-10-13 12:39:42,411 [WARN] ModelIntegratedComponent:63 - No mode defined for component null
2025-10-13 12:39:42,411 [WARN] ModelIntegratedComponent:63 - No mode defined for component null
2025-10-13 12:39:42,411 [WARN] ModelIntegratedComponent:63 - No mode defined for component null
2025-10-13 12:39:42,411 [WARN] ModelIntegratedComponent:63 - No mode defined for component null
2025-10-13 12:39:42,411 [WARN] ModelIntegratedComponent:63 - No mode defined for component null
2025-10-13 12:39:42,411 [WARN] ModelIntegratedComponent:63 - No mode defined for component null
2025-10-13 12:39:42,411 [WARN] ModelIntegratedComponent:63 - No mode defined for component null
2025-10-13 12:39:42,411 [WARN] ModelIntegratedComponent:63 - No mode defined for component null
2025-10-13 12:39:42,411 [WARN] ModelIntegratedComponent:63 - No mode defined for component null
2025-10-13 12:39:42,411 [WARN] ModelPack:524 - Component already loaded: STMicroelectronics:HAL Drivers:0.0.0:STMicroelectronics:Device:STMicro_Driver:XSPI:HAL::0.0.1:HAL_XSPI
2025-10-13 12:39:42,453 [INFO] ThirdPartyModel:298 - Start build external matchings
2025-10-13 12:39:42,660 [INFO] ThirdPartyModel:316 - End build external matchings
2025-10-13 12:39:42,664 [INFO] ImportTextPane:234 - (OptionalMessage_ERROR) IP (RCC) : Invalid parameter (48MHZClocksFreq_Value)
2025-10-13 12:39:42,664 [INFO] ImportTextPane:234 - (OptionalMessage_ERROR) IP (RCC) : Invalid parameter (EthernetFreq_Value)
2025-10-13 12:39:42,665 [INFO] ImportTextPane:234 - (OptionalMessage_ERROR) IP (RCC) : Parameter (FLatency) has Id (AdvancedSettings) currently not set
2025-10-13 12:39:42,665 [INFO] ImportTextPane:234 - (OptionalMessage_ERROR) IP (RCC) : Invalid parameter (FamilyName)
2025-10-13 12:39:42,665 [INFO] ImportTextPane:234 - (OptionalMessage_ERROR) IP (RCC) : Invalid parameter (I2SClocksFreq_Value)
2025-10-13 12:39:42,665 [INFO] ImportTextPane:234 - (OptionalMessage_ERROR) IP (RCC) : Parameter (MCO2PinFreq_Value) has invalid value (180000000)
2025-10-13 12:39:42,665 [INFO] ImportTextPane:234 - (OptionalMessage_ERROR) IP (RCC) : Parameter (SDIOFreq_Value) has invalid value (180000000)
2025-10-13 12:39:42,665 [INFO] ImportTextPane:234 - (OptionalMessage_ERROR) IP (RCC) : Parameter (USBFreq_Value) has invalid value (180000000)
2025-10-13 12:39:42,665 [INFO] ImportTextPane:234 - (OptionalMessage_ERROR) IP (RCC) : Invalid parameter (VCOInputMFreq_Value)
2025-10-13 12:39:42,665 [INFO] ImportTextPane:234 - (OptionalMessage_ERROR) IP (RCC) : Invalid parameter (VcooutputI2S)
2025-10-13 12:39:42,850 [INFO] UtilMem:75 - End LoadConfig() Used Memory: 343242152 Bytes (1073741824)
2025-10-13 12:39:42,894 [WARN] ThirdParty:833 - waiting for thirdparty lock release [change project]
2025-10-13 12:39:42,894 [INFO] ThirdParty:835 - entering critical section [change project]
2025-10-13 12:39:42,894 [INFO] ThirdParty:1030 - CMSIS Pack Vendor :STMicroelectronics X-CUBE-PM33A1 1.0.0
2025-10-13 12:39:42,894 [INFO] ThirdParty:1030 - CMSIS Pack Vendor :STMicroelectronics USBPD 4.1
2025-10-13 12:39:42,894 [INFO] ThirdParty:1030 - CMSIS Pack Vendor :STMicroelectronics X-CUBE-NFC9 1.0.0
2025-10-13 12:39:42,894 [INFO] ThirdParty:1030 - CMSIS Pack Vendor :STMicroelectronics USB_HOST 2.0.0
2025-10-13 12:39:42,894 [INFO] ThirdParty:1030 - CMSIS Pack Vendor :STMicroelectronics FP-SNS-MOTENVWB1 1.4.0
2025-10-13 12:39:42,894 [INFO] ThirdParty:1030 - CMSIS Pack Vendor :STMicroelectronics X-CUBE-AZRTOS-F4 1.1.0
2025-10-13 12:39:42,894 [INFO] ThirdParty:1030 - CMSIS Pack Vendor :STMicroelectronics LIBJPEG 8.0.0
2025-10-13 12:39:42,894 [INFO] ThirdParty:1030 - CMSIS Pack Vendor :STMicroelectronics FP-ATR-ASTRA1 2.0.2
2025-10-13 12:39:42,894 [INFO] ThirdParty:1030 - CMSIS Pack Vendor :wolfSSL I-CUBE-wolfSSL 5.8.2
2025-10-13 12:39:42,894 [INFO] ThirdParty:1030 - CMSIS Pack Vendor :STMicroelectronics X-CUBE-BLE1 7.1.0
2025-10-13 12:39:42,894 [INFO] ThirdParty:1030 - CMSIS Pack Vendor :Avnet-IotConnect X-CUBE-IoTC-DA16k-PMOD 1.0.0
2025-10-13 12:39:42,894 [INFO] ThirdParty:1030 - CMSIS Pack Vendor :STMicroelectronics X-CUBE-SMBUS 2.1.0
2025-10-13 12:39:42,894 [INFO] ThirdParty:1030 - CMSIS Pack Vendor :wolfSSL I-CUBE-wolfMQTT 1.19.2
2025-10-13 12:39:42,894 [INFO] ThirdParty:1030 - CMSIS Pack Vendor :STMicroelectronics USB_DEVICE 3.0.0
2025-10-13 12:39:42,894 [INFO] ThirdParty:1030 - CMSIS Pack Vendor :STMicroelectronics X-CUBE-ISPU 2.1.0
2025-10-13 12:39:42,894 [INFO] ThirdParty:1030 - CMSIS Pack Vendor :STMicroelectronics X-CUBE-EEPRMA1 5.2.0
2025-10-13 12:39:42,894 [INFO] ThirdParty:1030 - CMSIS Pack Vendor :STMicroelectronics X-CUBE-BLEMGR 4.1.0
2025-10-13 12:39:42,894 [INFO] ThirdParty:1030 - CMSIS Pack Vendor :STMicroelectronics X-CUBE-AZRTOS-WB 2.0.0
2025-10-13 12:39:42,894 [INFO] ThirdParty:1030 - CMSIS Pack Vendor :STMicroelectronics X-CUBE-ST60 1.0.0
2025-10-13 12:39:42,894 [INFO] ThirdParty:1030 - CMSIS Pack Vendor :STMicroelectronics X-CUBE-GNSS1 7.0.1
2025-10-13 12:39:42,894 [INFO] ThirdParty:1030 - CMSIS Pack Vendor :STMicroelectronics X-CUBE-NFC12 1.0.0
2025-10-13 12:39:42,894 [INFO] ThirdParty:1030 - CMSIS Pack Vendor :STMicroelectronics X-CUBE-AZRTOS-F7 1.1.0
2025-10-13 12:39:42,894 [INFO] ThirdParty:1030 - CMSIS Pack Vendor :STMicroelectronics X-CUBE-AZRTOS-L5 2.0.0
2025-10-13 12:39:42,894 [INFO] ThirdParty:1030 - CMSIS Pack Vendor :STMicroelectronics X-CUBE-TOUCHGFX 4.25.0
2025-10-13 12:39:42,894 [INFO] ThirdParty:1030 - CMSIS Pack Vendor :STMicroelectronics USB_DEVICE 2.0.0
2025-10-13 12:39:42,894 [INFO] ThirdParty:1030 - CMSIS Pack Vendor :STMicroelectronics X-CUBE-NFC6 3.1.0
2025-10-13 12:39:42,894 [INFO] ThirdParty:1030 - CMSIS Pack Vendor :quantropi X-CUBE-qispace-sdk-base 2.1.0
2025-10-13 12:39:42,894 [INFO] ThirdParty:1030 - CMSIS Pack Vendor :STMicroelectronics FreeRTOS 0.0.1
2025-10-13 12:39:42,894 [INFO] ThirdParty:1030 - CMSIS Pack Vendor :STMicroelectronics X-CUBE-AZRTOS-G0 1.1.0
2025-10-13 12:39:42,894 [INFO] ThirdParty:1030 - CMSIS Pack Vendor :STMicroelectronics X-CUBE-SAFEA1 1.2.2
2025-10-13 12:39:42,894 [INFO] ThirdParty:1030 - CMSIS Pack Vendor :STMicroelectronics X-CUBE-NFC4 3.0.0
2025-10-13 12:39:42,894 [INFO] ThirdParty:1030 - CMSIS Pack Vendor :STMicroelectronics X-CUBE-SUBG2 5.0.0
2025-10-13 12:39:42,894 [INFO] ThirdParty:1030 - CMSIS Pack Vendor :STMicroelectronics X-CUBE-AZRTOS-H7RS 1.1.0
2025-10-13 12:39:42,894 [INFO] ThirdParty:1030 - CMSIS Pack Vendor :STMicroelectronics STM32_WPAN 1.0.0
2025-10-13 12:39:42,894 [INFO] ThirdParty:1030 - CMSIS Pack Vendor :EmbeddedOffice I-CUBE-FS-RTOS 1.0.1
2025-10-13 12:39:42,894 [INFO] ThirdParty:1030 - CMSIS Pack Vendor :STMicroelectronics lwIP 2.0.3
2025-10-13 12:39:42,894 [INFO] ThirdParty:1030 - CMSIS Pack Vendor :WES I-CUBE-Cesium 1.4.0
2025-10-13 12:39:42,894 [INFO] ThirdParty:1030 - CMSIS Pack Vendor :Cesanta I-CUBE-Mongoose 7.13.0
2025-10-13 12:39:42,894 [INFO] ThirdParty:1030 - CMSIS Pack Vendor :STMicroelectronics USB_HOST 1.0.0
2025-10-13 12:39:42,895 [INFO] ThirdParty:1030 - CMSIS Pack Vendor :Infineon AIROC-Wi-Fi-Bluetooth-STM32 1.7.1
2025-10-13 12:39:42,895 [INFO] ThirdParty:1030 - CMSIS Pack Vendor :STMicroelectronics X-CUBE-AZRTOS-G4 2.0.0
2025-10-13 12:39:42,895 [INFO] ThirdParty:1030 - CMSIS Pack Vendor :STMicroelectronics X-CUBE-WB05N 2.0.0
2025-10-13 12:39:42,895 [INFO] ThirdParty:1030 - CMSIS Pack Vendor :STMicroelectronics PDM2PCM 3.1.0
2025-10-13 12:39:42,895 [INFO] ThirdParty:1030 - CMSIS Pack Vendor :STMicroelectronics PDM2PCM 3.3.0
2025-10-13 12:39:42,895 [INFO] ThirdParty:1030 - CMSIS Pack Vendor :wolfSSL I-CUBE-wolfTPM 3.8.0
2025-10-13 12:39:42,895 [INFO] ThirdParty:1030 - CMSIS Pack Vendor :STMicroelectronics X-CUBE-AZRTOS-H7 3.4.0
2025-10-13 12:39:42,895 [INFO] ThirdParty:1030 - CMSIS Pack Vendor :STMicroelectronics X-CUBE-DISPLAY 3.0.0
2025-10-13 12:39:42,895 [INFO] ThirdParty:1030 - CMSIS Pack Vendor :wolfSSL I-CUBE-wolfSSH 1.4.20
2025-10-13 12:39:42,895 [INFO] ThirdParty:1030 - CMSIS Pack Vendor :STMicroelectronics X-CUBE-NFC7 2.0.0
2025-10-13 12:39:42,895 [INFO] ThirdParty:1030 - CMSIS Pack Vendor :STMicroelectronics X-CUBE-TCPP 4.2.0
2025-10-13 12:39:42,895 [INFO] ThirdParty:1030 - CMSIS Pack Vendor :RealThread X-CUBE-RT-Thread_Nano 4.1.1
2025-10-13 12:39:42,895 [INFO] ThirdParty:1030 - CMSIS Pack Vendor :STMicroelectronics FP-ATR-SIGFOX1 3.2.0
2025-10-13 12:39:42,895 [INFO] ThirdParty:1030 - CMSIS Pack Vendor :STMicroelectronics X-CUBE-NFC10 1.0.0
2025-10-13 12:39:42,895 [INFO] ThirdParty:1030 - CMSIS Pack Vendor :STMicroelectronics X-CUBE-FREERTOS 1.3.1
2025-10-13 12:39:42,895 [INFO] ThirdParty:1030 - CMSIS Pack Vendor :STMicroelectronics HAL Drivers 0.0.0
2025-10-13 12:39:42,895 [INFO] ThirdParty:1030 - CMSIS Pack Vendor :STMicroelectronics MBEDTLS 2.16.2
2025-10-13 12:39:42,895 [INFO] ThirdParty:1030 - CMSIS Pack Vendor :STMicroelectronics X-CUBE-IPS 3.1.0
2025-10-13 12:39:42,895 [INFO] ThirdParty:1030 - CMSIS Pack Vendor :STMicroelectronics X-CUBE-ALS 1.0.2
2025-10-13 12:39:42,895 [INFO] ThirdParty:1030 - CMSIS Pack Vendor :emotas I-CUBE-CANOPEN 1.3.0
2025-10-13 12:39:42,895 [INFO] ThirdParty:1030 - CMSIS Pack Vendor :STMicroelectronics MBEDTLS 2.14.1
2025-10-13 12:39:42,895 [INFO] ThirdParty:1030 - CMSIS Pack Vendor :ITTIA_DB I-CUBE-ITTIADB 8.9.0
2025-10-13 12:39:42,895 [INFO] ThirdParty:1030 - CMSIS Pack Vendor :STMicroelectronics X-CUBE-TOUCHGFX 4.26.0
2025-10-13 12:39:42,895 [INFO] ThirdParty:1030 - CMSIS Pack Vendor :STMicroelectronics X-CUBE-STSE01 1.0.0
2025-10-13 12:39:42,895 [INFO] ThirdParty:1030 - CMSIS Pack Vendor :STMicroelectronics X-CUBE-ST67W61 1.0.0
2025-10-13 12:39:42,895 [INFO] ThirdParty:1030 - CMSIS Pack Vendor :STMicroelectronics FP-SNS-STBOX1 2.1.0
2025-10-13 12:39:42,895 [INFO] ThirdParty:1030 - CMSIS Pack Vendor :STMicroelectronics X-CUBE-AI 10.2.0
2025-10-13 12:39:42,895 [INFO] ThirdParty:1030 - CMSIS Pack Vendor :STMicroelectronics FP-SNS-STAIOTCFT 1.0.0
2025-10-13 12:39:42,895 [INFO] ThirdParty:1030 - CMSIS Pack Vendor :STMicroelectronics ThreadX 1.0.0
2025-10-13 12:39:42,895 [INFO] ThirdParty:1030 - CMSIS Pack Vendor :STMicroelectronics FP-SNS-SMARTAG2 1.2.0
2025-10-13 12:39:42,895 [INFO] ThirdParty:1030 - CMSIS Pack Vendor :STMicroelectronics FP-SNS-FLIGHT1 5.1.0
2025-10-13 12:39:42,895 [INFO] ThirdParty:1030 - CMSIS Pack Vendor :STMicroelectronics X-CUBE-AZRTOS-WL 2.0.0
2025-10-13 12:39:42,895 [INFO] ThirdParty:1030 - CMSIS Pack Vendor :SEGGER I-CUBE-embOS 1.3.1
2025-10-13 12:39:42,895 [INFO] ThirdParty:1030 - CMSIS Pack Vendor :STMicroelectronics X-CUBE-ALGOBUILD 1.4.0
2025-10-13 12:39:42,895 [INFO] ThirdParty:1030 - CMSIS Pack Vendor :STMicroelectronics X-CUBE-DPower 1.3.0
2025-10-13 12:39:42,895 [INFO] ThirdParty:1030 - CMSIS Pack Vendor :STMicroelectronics X-CUBE-MEMS1 11.3.0
2025-10-13 12:39:42,895 [INFO] ThirdParty:1030 - CMSIS Pack Vendor :STMicroelectronics FP-SNS-MOTENV1 5.0.0
2025-10-13 12:39:42,895 [INFO] ThirdParty:1030 - CMSIS Pack Vendor :STMicroelectronics USB_DEVICE 1.0.0
2025-10-13 12:39:42,895 [INFO] ThirdParty:1030 - CMSIS Pack Vendor :STMicroelectronics X-CUBE-AZRTOS-L4 2.0.0
2025-10-13 12:39:42,895 [INFO] ThirdParty:1030 - CMSIS Pack Vendor :STMicroelectronics ThreadX 0.0.2
2025-10-13 12:39:42,895 [INFO] ThirdParty:1030 - CMSIS Pack Vendor :STMicroelectronics lwIP 2.1.2
2025-10-13 12:39:42,895 [INFO] ThirdParty:1030 - CMSIS Pack Vendor :STMicroelectronics X-CUBE-SFXS2LP1 4.0.0
2025-10-13 12:39:42,895 [INFO] ThirdParty:1030 - CMSIS Pack Vendor :STMicroelectronics X-CUBE-BLE2 3.3.0
2025-10-13 12:39:42,895 [INFO] ThirdParty:1030 - CMSIS Pack Vendor :STMicroelectronics X-CUBE-TOF1 3.4.3
2025-10-13 12:39:42,895 [INFO] ThirdParty:1030 - CMSIS Pack Vendor :STMicroelectronics PDM2PCM 3.2.0
2025-10-13 12:39:42,895 [INFO] ThirdParty:841 - exiting critical section [change project]
2025-10-13 12:39:42,978 [INFO] PinOutPanel:1589 - setPackage(No Configuration,No Configuration)
2025-10-13 12:39:42,978 [INFO] PinOutPanel:1589 - setPackage(STM32F446RETx,LQFP64)
2025-10-13 12:39:43,127 [INFO] UtilMem:75 - Before build in PCC Used Memory: 364051704 Bytes (1073741824)
2025-10-13 12:39:43,296 [INFO] UtilMem:75 - After build in PCC Used Memory: 411763960 Bytes (1073741824)
2025-10-13 12:39:43,310 [INFO] IPUIPlugin:80 - create IPUIPlugin
2025-10-13 12:39:43,310 [INFO] IPUIPlugin:80 - create IPUIPlugin
2025-10-13 12:39:43,310 [INFO] IPUIPlugin:80 - create IPUIPlugin
2025-10-13 12:39:43,310 [INFO] IPUIPlugin:80 - create IPUIPlugin
2025-10-13 12:39:43,310 [INFO] IPUIPlugin:80 - create IPUIPlugin
2025-10-13 12:39:43,310 [INFO] IPUIPlugin:80 - create IPUIPlugin
2025-10-13 12:39:43,310 [INFO] IPUIPlugin:80 - create IPUIPlugin
2025-10-13 12:39:43,310 [INFO] IPUIPlugin:80 - create IPUIPlugin
2025-10-13 12:39:43,310 [INFO] IPUIPlugin:80 - create IPUIPlugin
2025-10-13 12:39:43,310 [INFO] IPUIPlugin:80 - create IPUIPlugin
2025-10-13 12:39:43,310 [INFO] IPUIPlugin:80 - create IPUIPlugin
2025-10-13 12:39:43,310 [INFO] IPUIPlugin:80 - create IPUIPlugin
2025-10-13 12:39:43,310 [INFO] IPUIPlugin:80 - create IPUIPlugin
2025-10-13 12:39:43,310 [INFO] IPUIPlugin:80 - create IPUIPlugin
2025-10-13 12:39:43,310 [INFO] IPUIPlugin:80 - create IPUIPlugin
2025-10-13 12:39:43,310 [INFO] IPUIPlugin:80 - create IPUIPlugin
2025-10-13 12:39:43,310 [INFO] IPUIPlugin:80 - create IPUIPlugin
2025-10-13 12:39:43,310 [INFO] IPUIPlugin:80 - create IPUIPlugin
2025-10-13 12:39:43,310 [INFO] IPUIPlugin:80 - create IPUIPlugin
2025-10-13 12:39:43,311 [INFO] IPUIPlugin:80 - create IPUIPlugin
2025-10-13 12:39:43,311 [INFO] IPUIPlugin:80 - create IPUIPlugin
2025-10-13 12:39:43,311 [INFO] IPUIPlugin:80 - create IPUIPlugin
2025-10-13 12:39:43,311 [INFO] IPUIPlugin:80 - create IPUIPlugin
2025-10-13 12:39:43,311 [INFO] IPUIPlugin:80 - create IPUIPlugin
2025-10-13 12:39:43,311 [INFO] IPUIPlugin:80 - create IPUIPlugin
2025-10-13 12:39:43,311 [INFO] IPUIPlugin:80 - create IPUIPlugin
2025-10-13 12:39:43,311 [INFO] IPUIPlugin:80 - create IPUIPlugin
2025-10-13 12:39:43,311 [INFO] IPUIPlugin:80 - create IPUIPlugin
2025-10-13 12:39:43,311 [INFO] IPUIPlugin:80 - create IPUIPlugin
2025-10-13 12:39:43,311 [INFO] IPUIPlugin:80 - create IPUIPlugin
2025-10-13 12:39:43,311 [INFO] IPUIPlugin:80 - create IPUIPlugin
2025-10-13 12:39:43,311 [INFO] IPUIPlugin:80 - create IPUIPlugin
2025-10-13 12:39:43,312 [INFO] IPUIPlugin:80 - create IPUIPlugin
2025-10-13 12:39:43,312 [INFO] IPUIPlugin:80 - create IPUIPlugin
2025-10-13 12:39:43,312 [INFO] IPUIPlugin:80 - create IPUIPlugin
2025-10-13 12:39:43,312 [INFO] IPUIPlugin:80 - create IPUIPlugin
2025-10-13 12:39:43,312 [INFO] IPUIPlugin:80 - create IPUIPlugin
2025-10-13 12:39:43,312 [INFO] IPUIPlugin:80 - create IPUIPlugin
2025-10-13 12:39:43,312 [INFO] IPUIPlugin:80 - create IPUIPlugin
2025-10-13 12:39:43,312 [INFO] IPUIPlugin:80 - create IPUIPlugin
2025-10-13 12:39:43,312 [INFO] IPUIPlugin:80 - create IPUIPlugin
2025-10-13 12:39:43,312 [INFO] IPUIPlugin:80 - create IPUIPlugin
2025-10-13 12:39:43,312 [INFO] IPUIPlugin:80 - create IPUIPlugin
2025-10-13 12:39:43,313 [INFO] IPUIPlugin:80 - create IPUIPlugin
2025-10-13 12:39:43,313 [INFO] IPUIPlugin:80 - create IPUIPlugin
2025-10-13 12:39:43,313 [INFO] IPUIPlugin:80 - create IPUIPlugin
2025-10-13 12:39:43,313 [INFO] IPUIPlugin:80 - create IPUIPlugin
2025-10-13 12:39:43,313 [INFO] IPUIPlugin:80 - create IPUIPlugin
2025-10-13 12:39:43,313 [INFO] IPUIPlugin:80 - create IPUIPlugin
2025-10-13 12:39:43,313 [INFO] IPUIPlugin:80 - create IPUIPlugin
2025-10-13 12:39:43,313 [INFO] IPUIPlugin:80 - create IPUIPlugin
2025-10-13 12:39:43,313 [INFO] IPUIPlugin:80 - create IPUIPlugin
2025-10-13 12:39:43,314 [INFO] IPUIPlugin:80 - create IPUIPlugin
2025-10-13 12:39:43,314 [INFO] IPUIPlugin:80 - create IPUIPlugin
2025-10-13 12:39:43,314 [INFO] IPUIPlugin:80 - create IPUIPlugin
2025-10-13 12:39:43,314 [INFO] IPUIPlugin:80 - create IPUIPlugin
2025-10-13 12:39:43,314 [INFO] IPUIPlugin:80 - create IPUIPlugin
2025-10-13 12:39:43,314 [INFO] IPUIPlugin:80 - create IPUIPlugin
2025-10-13 12:39:43,315 [INFO] IPUIPlugin:80 - create IPUIPlugin
2025-10-13 12:39:43,315 [INFO] IPUIPlugin:80 - create IPUIPlugin
2025-10-13 12:39:43,317 [INFO] ApiDbMcu:532 - Load IP Config File for PDM2PCM
2025-10-13 12:39:43,349 [INFO] CADModel:165 - CPN selected for project levelSTM32F446RET6
2025-10-13 12:39:43,349 [INFO] CADModel:114 - Register for checkConnection events
2025-10-13 12:39:43,408 [INFO] OpenFileManager:386 - Restore cursor
2025-10-13 12:40:29,777 [INFO] NvicIntPanel:101 - NVIC parent = com.st.microxplorer.plugins.ip.nvic.MultiNvicIntPanel[,0,0,0x0,invalid,layout=javax.swing.BoxLayout,alignmentX=0.0,alignmentY=0.0,border=,flags=9,maximumSize=,minimumSize=,preferredSize=]
2025-10-13 12:41:20,399 [INFO] UtilMem:75 - End SaveConfig() Used Memory: 722518832 Bytes (1073741824)
2025-10-13 12:41:22,031 [INFO] UtilMem:75 - End SaveConfig() Used Memory: 759741232 Bytes (1073741824)
2025-10-13 12:41:23,649 [INFO] UtilMem:75 - End SaveConfig() Used Memory: 810072880 Bytes (1073741824)
2025-10-13 12:41:24,169 [INFO] BlockDiagram:2775 - set Specific Code input for plugin: TIM1_8
2025-10-13 12:41:24,169 [INFO] BlockDiagram:2775 - set Specific Code input for plugin: TIM1_8
2025-10-13 12:41:24,169 [INFO] BlockDiagram:2775 - set Specific Code input for plugin: SYS
2025-10-13 12:41:24,169 [INFO] BlockDiagram:2775 - set Specific Code input for plugin: RCC
2025-10-13 12:41:24,169 [INFO] BlockDiagram:2775 - set Specific Code input for plugin: NVIC
2025-10-13 12:41:24,169 [INFO] BlockDiagram:2775 - set Specific Code input for plugin: USART
2025-10-13 12:41:24,169 [INFO] BlockDiagram:2775 - set Specific Code input for plugin: GPIO
2025-10-13 12:41:24,172 [INFO] CodeGenerator:892 - code generatio: config db path: C:\ST\STM32CubeIDE_1.19.0\STM32CubeIDE\plugins\com.st.stm32cube.common.mx_6.15.0.202507011659\\db\
2025-10-13 12:41:24,528 [INFO] CodeEngine:265 - oldGeneratedFile, C:\Users\jain2\STM32CubeIDE\workspace_1.19.0\motor1.1\MXTmpFiles\license.tmp_save
2025-10-13 12:41:24,809 [INFO] CodeEngine:289 - Generated code: C:\Users\jain2\STM32CubeIDE\workspace_1.19.0\motor1.1\MXTmpFiles\license.tmp
2025-10-13 12:41:24,884 [INFO] CodeEngine:265 - oldGeneratedFile, C:\Users\jain2\STM32CubeIDE\workspace_1.19.0\motor1.1\MXTmpFiles\gpio.tmp_save
2025-10-13 12:41:25,019 [INFO] CodeEngine:289 - Generated code: C:\Users\jain2\STM32CubeIDE\workspace_1.19.0\motor1.1\MXTmpFiles\gpio.tmp
2025-10-13 12:41:25,233 [INFO] CodeEngine:265 - oldGeneratedFile, C:\Users\jain2\STM32CubeIDE\workspace_1.19.0\motor1.1\Core\Src\stm32f4xx_it.c_save
2025-10-13 12:41:25,482 [INFO] CodeEngine:289 - Generated code: C:\Users\jain2\STM32CubeIDE\workspace_1.19.0\motor1.1\Core\Src\stm32f4xx_it.c
2025-10-13 12:41:25,494 [INFO] CodeEngine:265 - oldGeneratedFile, C:\Users\jain2\STM32CubeIDE\workspace_1.19.0\motor1.1\Core\Inc\stm32f4xx_it.h_save
2025-10-13 12:41:25,587 [INFO] CodeEngine:289 - Generated code: C:\Users\jain2\STM32CubeIDE\workspace_1.19.0\motor1.1\Core\Inc\stm32f4xx_it.h
2025-10-13 12:41:25,609 [INFO] CodeEngine:265 - oldGeneratedFile, C:\Users\jain2\STM32CubeIDE\workspace_1.19.0\motor1.1\Core\Src\stm32f4xx_hal_msp.c_save
2025-10-13 12:41:25,803 [INFO] CodeEngine:289 - Generated code: C:\Users\jain2\STM32CubeIDE\workspace_1.19.0\motor1.1\Core\Src\stm32f4xx_hal_msp.c
2025-10-13 12:41:25,810 [INFO] CodeEngine:265 - oldGeneratedFile, C:\Users\jain2\STM32CubeIDE\workspace_1.19.0\motor1.1\MXTmpFiles\system.tmp_save
2025-10-13 12:41:25,873 [INFO] CodeEngine:289 - Generated code: C:\Users\jain2\STM32CubeIDE\workspace_1.19.0\motor1.1\MXTmpFiles\system.tmp
2025-10-13 12:41:25,894 [INFO] CodeEngine:321 - oldGeneratedFile, C:\Users\jain2\STM32CubeIDE\workspace_1.19.0\motor1.1\Core\Inc\stm32f4xx_hal_conf.h_save
2025-10-13 12:41:26,021 [INFO] CodeEngine:345 - Generated code: C:\Users\jain2\STM32CubeIDE\workspace_1.19.0\motor1.1\Core\Inc\stm32f4xx_hal_conf.h
2025-10-13 12:41:26,049 [WARN] IPConfigManager:3238 - Warning: the RefConfig PLL2P_FOR_MCO is not available in your config.xml file
2025-10-13 12:41:26,057 [INFO] ApiDbMcu:532 - Load IP Config File for TIM1
2025-10-13 12:41:26,065 [INFO] ApiDbMcu:532 - Load IP Config File for TIM2
2025-10-13 12:41:26,069 [INFO] ApiDbMcu:532 - Load IP Config File for USART2
2025-10-13 12:41:26,071 [INFO] ApiDbMcu:532 - Load IP Config File for RCC
2025-10-13 12:41:26,072 [WARN] IPConfigManager:3811 - IP not found : TIM
2025-10-13 12:41:26,074 [WARN] CodeGenerator:4259 - IP not found : null
2025-10-13 12:41:26,091 [INFO] CodeEngine:265 - oldGeneratedFile, C:\Users\jain2\STM32CubeIDE\workspace_1.19.0\motor1.1\Core\Inc\main.h_save
2025-10-13 12:41:26,252 [INFO] CodeEngine:289 - Generated code: C:\Users\jain2\STM32CubeIDE\workspace_1.19.0\motor1.1\Core\Inc\main.h
2025-10-13 12:41:26,263 [INFO] CodeEngine:265 - oldGeneratedFile, C:\Users\jain2\STM32CubeIDE\workspace_1.19.0\motor1.1\Core\Src\main.c_save
2025-10-13 12:41:26,396 [INFO] CodeEngine:289 - Generated code: C:\Users\jain2\STM32CubeIDE\workspace_1.19.0\motor1.1\Core\Src\main.c
2025-10-13 12:41:26,945 [INFO] ProjectBuilder:3606 - Time for Copy HAL[1] : 341mS.
2025-10-13 12:41:26,955 [INFO] ProjectBuilder:5216 - Project Generator version: 4.7.0-B52
2025-10-13 12:41:27,016 [INFO] ConfigFileManager:1595 - The Die is : DIE421
2025-10-13 12:41:27,032 [INFO] ApiDbMcu:532 - Load IP Config File for FATFS
2025-10-13 12:41:27,050 [INFO] ApiDbMcu:532 - Load IP Config File for FREERTOS
2025-10-13 12:41:27,063 [INFO] ApiDbMcu:532 - Load IP Config File for LIBJPEG
2025-10-13 12:41:27,085 [INFO] ApiDbMcu:532 - Load IP Config File for MBEDTLS
2025-10-13 12:41:27,094 [INFO] ApiDbMcu:532 - Load IP Config File for USB_DEVICE
2025-10-13 12:41:27,110 [INFO] ApiDbMcu:532 - Load IP Config File for USB_HOST
2025-10-13 12:41:28,097 [INFO] ProjectBuilder:5496 - Time for Generating toolchain IDE Files: 1142mS.
2025-10-13 12:41:28,099 [INFO] ProjectBuilder:3463 - Time for Copy CMSIS : 1mS.
2025-10-13 12:41:28,105 [INFO] ProjectBuilder:3463 - Time for Copy CMSIS : 0mS.
2025-10-13 13:57:08,699 [INFO] NvicIntPanel:101 - NVIC parent = com.st.microxplorer.plugins.ip.nvic.MultiNvicIntPanel[,0,0,0x0,invalid,layout=javax.swing.BoxLayout,alignmentX=0.0,alignmentY=0.0,border=,flags=9,maximumSize=,minimumSize=,preferredSize=]
2025-10-13 13:57:12,572 [INFO] NvicIntPanel:101 - NVIC parent = com.st.microxplorer.plugins.ip.nvic.MultiNvicIntPanel[,0,0,0x0,invalid,layout=javax.swing.BoxLayout,alignmentX=0.0,alignmentY=0.0,border=,flags=9,maximumSize=,minimumSize=,preferredSize=]
2025-10-13 13:57:13,983 [INFO] UtilMem:75 - End SaveConfig() Used Memory: 757541328 Bytes (1073741824)
2025-10-13 13:57:15,471 [INFO] UtilMem:75 - End SaveConfig() Used Memory: 786375120 Bytes (1073741824)
2025-10-13 13:57:17,267 [INFO] UtilMem:75 - End SaveConfig() Used Memory: 866593232 Bytes (1073741824)
2025-10-13 13:57:17,490 [INFO] BlockDiagram:2775 - set Specific Code input for plugin: TIM1_8
2025-10-13 13:57:17,491 [INFO] BlockDiagram:2775 - set Specific Code input for plugin: TIM1_8
2025-10-13 13:57:17,491 [INFO] BlockDiagram:2775 - set Specific Code input for plugin: SYS
2025-10-13 13:57:17,491 [INFO] BlockDiagram:2775 - set Specific Code input for plugin: RCC
2025-10-13 13:57:17,491 [INFO] BlockDiagram:2775 - set Specific Code input for plugin: NVIC
2025-10-13 13:57:17,491 [INFO] BlockDiagram:2775 - set Specific Code input for plugin: USART
2025-10-13 13:57:17,491 [INFO] BlockDiagram:2775 - set Specific Code input for plugin: GPIO
2025-10-13 13:57:17,493 [INFO] CodeGenerator:892 - code generatio: config db path: C:\ST\STM32CubeIDE_1.19.0\STM32CubeIDE\plugins\com.st.stm32cube.common.mx_6.15.0.202507011659\\db\
2025-10-13 13:57:17,554 [INFO] CodeEngine:265 - oldGeneratedFile, C:\Users\jain2\STM32CubeIDE\workspace_1.19.0\motor1.1\MXTmpFiles\license.tmp_save
2025-10-13 13:57:17,852 [INFO] CodeEngine:289 - Generated code: C:\Users\jain2\STM32CubeIDE\workspace_1.19.0\motor1.1\MXTmpFiles\license.tmp
2025-10-13 13:57:17,893 [INFO] CodeEngine:265 - oldGeneratedFile, C:\Users\jain2\STM32CubeIDE\workspace_1.19.0\motor1.1\MXTmpFiles\gpio.tmp_save
2025-10-13 13:57:18,060 [INFO] CodeEngine:289 - Generated code: C:\Users\jain2\STM32CubeIDE\workspace_1.19.0\motor1.1\MXTmpFiles\gpio.tmp
2025-10-13 13:57:18,214 [INFO] CodeEngine:265 - oldGeneratedFile, C:\Users\jain2\STM32CubeIDE\workspace_1.19.0\motor1.1\Core\Src\stm32f4xx_it.c_save
2025-10-13 13:57:18,440 [INFO] CodeEngine:289 - Generated code: C:\Users\jain2\STM32CubeIDE\workspace_1.19.0\motor1.1\Core\Src\stm32f4xx_it.c
2025-10-13 13:57:18,454 [INFO] CodeEngine:265 - oldGeneratedFile, C:\Users\jain2\STM32CubeIDE\workspace_1.19.0\motor1.1\Core\Inc\stm32f4xx_it.h_save
2025-10-13 13:57:18,520 [INFO] CodeEngine:289 - Generated code: C:\Users\jain2\STM32CubeIDE\workspace_1.19.0\motor1.1\Core\Inc\stm32f4xx_it.h
2025-10-13 13:57:18,541 [INFO] CodeEngine:265 - oldGeneratedFile, C:\Users\jain2\STM32CubeIDE\workspace_1.19.0\motor1.1\Core\Src\stm32f4xx_hal_msp.c_save
2025-10-13 13:57:18,735 [INFO] CodeEngine:289 - Generated code: C:\Users\jain2\STM32CubeIDE\workspace_1.19.0\motor1.1\Core\Src\stm32f4xx_hal_msp.c
2025-10-13 13:57:18,743 [INFO] CodeEngine:265 - oldGeneratedFile, C:\Users\jain2\STM32CubeIDE\workspace_1.19.0\motor1.1\MXTmpFiles\system.tmp_save
2025-10-13 13:57:18,797 [INFO] CodeEngine:289 - Generated code: C:\Users\jain2\STM32CubeIDE\workspace_1.19.0\motor1.1\MXTmpFiles\system.tmp
2025-10-13 13:57:18,813 [INFO] CodeEngine:321 - oldGeneratedFile, C:\Users\jain2\STM32CubeIDE\workspace_1.19.0\motor1.1\Core\Inc\stm32f4xx_hal_conf.h_save
2025-10-13 13:57:18,951 [INFO] CodeEngine:345 - Generated code: C:\Users\jain2\STM32CubeIDE\workspace_1.19.0\motor1.1\Core\Inc\stm32f4xx_hal_conf.h
2025-10-13 13:57:18,982 [WARN] IPConfigManager:3238 - Warning: the RefConfig PLL2P_FOR_MCO is not available in your config.xml file
2025-10-13 13:57:18,996 [INFO] ApiDbMcu:532 - Load IP Config File for TIM3
2025-10-13 13:57:18,997 [WARN] IPConfigManager:3811 - IP not found : TIM
2025-10-13 13:57:18,998 [WARN] CodeGenerator:4259 - IP not found : null
2025-10-13 13:57:19,012 [INFO] CodeEngine:265 - oldGeneratedFile, C:\Users\jain2\STM32CubeIDE\workspace_1.19.0\motor1.1\Core\Inc\main.h_save
2025-10-13 13:57:19,149 [INFO] CodeEngine:289 - Generated code: C:\Users\jain2\STM32CubeIDE\workspace_1.19.0\motor1.1\Core\Inc\main.h
2025-10-13 13:57:19,159 [INFO] CodeEngine:265 - oldGeneratedFile, C:\Users\jain2\STM32CubeIDE\workspace_1.19.0\motor1.1\Core\Src\main.c_save
2025-10-13 13:57:19,304 [INFO] CodeEngine:289 - Generated code: C:\Users\jain2\STM32CubeIDE\workspace_1.19.0\motor1.1\Core\Src\main.c
2025-10-13 13:57:19,762 [INFO] ProjectBuilder:3606 - Time for Copy HAL[1] : 242mS.
2025-10-13 13:57:19,765 [INFO] ProjectBuilder:5216 - Project Generator version: 4.7.0-B52
2025-10-13 13:57:19,813 [INFO] ConfigFileManager:1595 - The Die is : DIE421
2025-10-13 13:57:20,821 [INFO] ProjectBuilder:5496 - Time for Generating toolchain IDE Files: 1056mS.
2025-10-13 13:57:20,822 [INFO] ProjectBuilder:3463 - Time for Copy CMSIS : 1mS.
2025-10-13 13:57:20,825 [INFO] ProjectBuilder:3463 - Time for Copy CMSIS : 0mS.
